2025-05-12 10:21:56 - INFO - Iniciando PokerBot Pro...
2025-05-12 10:21:58 - INFO - No hay entradas en el historial
2025-05-12 10:25:01 - INFO - Iniciando PokerBot Pro...
2025-05-12 10:25:02 - INFO - No hay entradas en el historial
2025-05-12 10:57:54 - INFO - Iniciando PokerBot Pro...
2025-05-12 10:57:55 - INFO - Iniciando listener de clic derecho
2025-05-12 10:57:55 - INFO - Hotkey alt+q registrado correctamente
2025-05-12 10:57:56 - INFO - No hay entradas en el historial
2025-05-12 10:57:56 - CRITICAL - Error cr√≠tico en la aplicaci√≥n: can't add .!notebook.!canvas.!frame as slave of .!notebook
2025-05-12 10:57:56 - CRITICAL - Traceback (most recent call last):
  File "C:\Users\USER\Desktop\pokerprosof\main.py", line 213, in main
    create_main_window(config)
  File "C:\Users\USER\Desktop\pokerprosof\src\ui\main_window.py", line 47, in create_main_window
    tab_control.add(config_tab, text='Configuraci√≥n')
  File "C:\Users\USER\AppData\Local\Programs\Python\Python310\lib\tkinter\ttk.py", line 839, in add
    self.tk.call(self._w, "add", child, *(_format_optdict(kw)))
_tkinter.TclError: can't add .!notebook.!canvas.!frame as slave of .!notebook

2025-05-12 10:58:24 - INFO - Iniciando PokerBot Pro...
2025-05-12 10:58:26 - INFO - Iniciando listener de clic derecho
2025-05-12 10:58:26 - INFO - Hotkey alt+q registrado correctamente
2025-05-12 10:58:26 - INFO - No hay entradas en el historial
2025-05-12 10:58:26 - CRITICAL - Error cr√≠tico en la aplicaci√≥n: can't add .!notebook.!canvas.!frame as slave of .!notebook
2025-05-12 10:58:26 - CRITICAL - Traceback (most recent call last):
  File "C:\Users\USER\Desktop\pokerprosof\main.py", line 213, in main
    create_main_window(config)
  File "C:\Users\USER\Desktop\pokerprosof\src\ui\main_window.py", line 47, in create_main_window
    tab_control.add(config_tab, text='Configuraci√≥n')
  File "C:\Users\USER\AppData\Local\Programs\Python\Python310\lib\tkinter\ttk.py", line 839, in add
    self.tk.call(self._w, "add", child, *(_format_optdict(kw)))
_tkinter.TclError: can't add .!notebook.!canvas.!frame as slave of .!notebook

2025-05-12 10:59:56 - INFO - Iniciando PokerBot Pro...
2025-05-12 10:59:57 - INFO - Iniciando listener de clic derecho
2025-05-12 10:59:57 - INFO - Hotkey alt+q registrado correctamente
2025-05-12 10:59:57 - INFO - No hay entradas en el historial
2025-05-12 10:59:57 - INFO - Hotkey alt+q registrada correctamente
2025-05-12 10:59:57 - INFO - === PokerBot Pro iniciado correctamente ===
2025-05-12 10:59:57 - INFO - Presiona alt+q o haz clic derecho para analizar nick
2025-05-12 11:00:47 - INFO - Clic derecho detectado, buscando mesa bajo el cursor
2025-05-12 11:00:47 - INFO - Mesa encontrada: 12-May#0.5/1 üçÄüá≤üáæ‚ë†
2025-05-12 11:00:47 - INFO - Iniciando an√°lisis de mesa
2025-05-12 11:00:47 - INFO - Leyendo nick...
2025-05-12 11:00:49 - ERROR - Error en an√°lisis de mesa: name 'log_message' is not defined
2025-05-12 11:00:49 - ERROR - Traceback (most recent call last):
  File "C:\Users\USER\Desktop\pokerprosof\src\core\ocr_engine.py", line 102, in capture_and_read_nick
    log_message(f"Tesseract detect√≥: '{texto.strip()}'")
NameError: name 'log_message' is not defined

During handling of the above exception, another exception occurred:

Traceback (most recent call last):
  File "C:\Users\USER\Desktop\pokerprosof\src\core\ocr_engine.py", line 106, in capture_and_read_nick
    log_message(f"Error en Tesseract: {e}", level='error')
NameError: name 'log_message' is not defined

During handling of the above exception, another exception occurred:

Traceback (most recent call last):
  File "C:\Users\USER\Desktop\pokerprosof\src\core\poker_analyzer.py", line 97, in analyze_table
    nick = capture_and_read_nick(hwnd, config["ocr_coords"])
  File "C:\Users\USER\Desktop\pokerprosof\src\core\ocr_engine.py", line 132, in capture_and_read_nick
    log_message(f"Error en capture_and_read_nick: {e}", level='error')
NameError: name 'log_message' is not defined

2025-05-12 11:00:58 - INFO - Clic derecho detectado, buscando mesa bajo el cursor
2025-05-12 11:00:58 - INFO - Mesa encontrada: 12-May#0.5/1 üçÄüá≤üáæ‚ë†
2025-05-12 11:00:58 - INFO - Iniciando an√°lisis de mesa
2025-05-12 11:00:58 - INFO - Leyendo nick...
2025-05-12 11:00:59 - ERROR - Error en an√°lisis de mesa: name 'log_message' is not defined
2025-05-12 11:00:59 - ERROR - Traceback (most recent call last):
  File "C:\Users\USER\Desktop\pokerprosof\src\core\ocr_engine.py", line 102, in capture_and_read_nick
    log_message(f"Tesseract detect√≥: '{texto.strip()}'")
NameError: name 'log_message' is not defined

During handling of the above exception, another exception occurred:

Traceback (most recent call last):
  File "C:\Users\USER\Desktop\pokerprosof\src\core\ocr_engine.py", line 106, in capture_and_read_nick
    log_message(f"Error en Tesseract: {e}", level='error')
NameError: name 'log_message' is not defined

During handling of the above exception, another exception occurred:

Traceback (most recent call last):
  File "C:\Users\USER\Desktop\pokerprosof\src\core\poker_analyzer.py", line 97, in analyze_table
    nick = capture_and_read_nick(hwnd, config["ocr_coords"])
  File "C:\Users\USER\Desktop\pokerprosof\src\core\ocr_engine.py", line 132, in capture_and_read_nick
    log_message(f"Error en capture_and_read_nick: {e}", level='error')
NameError: name 'log_message' is not defined

2025-05-12 11:01:13 - INFO - Clic derecho detectado, buscando mesa bajo el cursor
2025-05-12 11:01:13 - INFO - Mesa encontrada: 12-May#0.5/1 üçÄüá≤üáæ‚ë†
2025-05-12 11:01:13 - INFO - Iniciando an√°lisis de mesa
2025-05-12 11:01:13 - INFO - Leyendo nick...
2025-05-12 11:01:13 - ERROR - Error en an√°lisis de mesa: name 'log_message' is not defined
2025-05-12 11:01:13 - ERROR - Traceback (most recent call last):
  File "C:\Users\USER\Desktop\pokerprosof\src\core\ocr_engine.py", line 90, in capture_and_read_nick
    log_message(f"PaddleOCR detect√≥: '{text}' (confianza: {confidence:.2f})")
NameError: name 'log_message' is not defined

During handling of the above exception, another exception occurred:

Traceback (most recent call last):
  File "C:\Users\USER\Desktop\pokerprosof\src\core\ocr_engine.py", line 92, in capture_and_read_nick
    log_message(f"Error en PaddleOCR: {e}", level='error')
NameError: name 'log_message' is not defined

During handling of the above exception, another exception occurred:

Traceback (most recent call last):
  File "C:\Users\USER\Desktop\pokerprosof\src\core\poker_analyzer.py", line 97, in analyze_table
    nick = capture_and_read_nick(hwnd, config["ocr_coords"])
  File "C:\Users\USER\Desktop\pokerprosof\src\core\ocr_engine.py", line 132, in capture_and_read_nick
    log_message(f"Error en capture_and_read_nick: {e}", level='error')
NameError: name 'log_message' is not defined

2025-05-12 11:01:34 - INFO - Clic derecho detectado, buscando mesa bajo el cursor
2025-05-12 11:01:34 - INFO - Mesa encontrada: 12-May#0.5/1 üçÄüá≤üáæ‚ë†
2025-05-12 11:01:34 - INFO - Iniciando an√°lisis de mesa
2025-05-12 11:01:34 - INFO - Leyendo nick...
2025-05-12 11:01:34 - ERROR - Error en an√°lisis de mesa: name 'log_message' is not defined
2025-05-12 11:01:34 - ERROR - Traceback (most recent call last):
  File "C:\Users\USER\Desktop\pokerprosof\src\core\ocr_engine.py", line 82, in capture_and_read_nick
    result = ocr.ocr(img_np, cls=True)
  File "C:\Users\USER\AppData\Local\Programs\Python\Python310\lib\site-packages\paddleocr\paddleocr.py", line 766, in ocr
    dt_boxes, rec_res, _ = self.__call__(img, cls, slice)
  File "C:\Users\USER\AppData\Local\Programs\Python\Python310\lib\site-packages\paddleocr\tools\infer\predict_system.py", line 109, in __call__
    dt_boxes, elapse = self.text_detector(img)
  File "C:\Users\USER\AppData\Local\Programs\Python\Python310\lib\site-packages\paddleocr\tools\infer\predict_det.py", line 396, in __call__
    dt_boxes, elapse = self.predict(img)
  File "C:\Users\USER\AppData\Local\Programs\Python\Python310\lib\site-packages\paddleocr\tools\infer\predict_det.py", line 255, in predict
    self.predictor.run()
RuntimeError: could not execute a primitive

During handling of the above exception, another exception occurred:

Traceback (most recent call last):
  File "C:\Users\USER\Desktop\pokerprosof\src\core\ocr_engine.py", line 92, in capture_and_read_nick
    log_message(f"Error en PaddleOCR: {e}", level='error')
NameError: name 'log_message' is not defined

During handling of the above exception, another exception occurred:

Traceback (most recent call last):
  File "C:\Users\USER\Desktop\pokerprosof\src\core\poker_analyzer.py", line 97, in analyze_table
    nick = capture_and_read_nick(hwnd, config["ocr_coords"])
  File "C:\Users\USER\Desktop\pokerprosof\src\core\ocr_engine.py", line 132, in capture_and_read_nick
    log_message(f"Error en capture_and_read_nick: {e}", level='error')
NameError: name 'log_message' is not defined

2025-05-12 11:01:36 - INFO - Clic derecho detectado, buscando mesa bajo el cursor
2025-05-12 11:01:36 - INFO - Mesa encontrada: 12-May#0.5/1 üçÄüá≤üáæ‚ë†
2025-05-12 11:01:36 - INFO - Iniciando an√°lisis de mesa
2025-05-12 11:01:36 - INFO - Leyendo nick...
2025-05-12 11:01:36 - ERROR - Error en an√°lisis de mesa: name 'log_message' is not defined
2025-05-12 11:01:36 - ERROR - Traceback (most recent call last):
  File "C:\Users\USER\Desktop\pokerprosof\src\core\ocr_engine.py", line 90, in capture_and_read_nick
    log_message(f"PaddleOCR detect√≥: '{text}' (confianza: {confidence:.2f})")
NameError: name 'log_message' is not defined

During handling of the above exception, another exception occurred:

Traceback (most recent call last):
  File "C:\Users\USER\Desktop\pokerprosof\src\core\ocr_engine.py", line 92, in capture_and_read_nick
    log_message(f"Error en PaddleOCR: {e}", level='error')
NameError: name 'log_message' is not defined

During handling of the above exception, another exception occurred:

Traceback (most recent call last):
  File "C:\Users\USER\Desktop\pokerprosof\src\core\poker_analyzer.py", line 97, in analyze_table
    nick = capture_and_read_nick(hwnd, config["ocr_coords"])
  File "C:\Users\USER\Desktop\pokerprosof\src\core\ocr_engine.py", line 132, in capture_and_read_nick
    log_message(f"Error en capture_and_read_nick: {e}", level='error')
NameError: name 'log_message' is not defined

2025-05-12 11:01:41 - INFO - Clic derecho detectado, buscando mesa bajo el cursor
2025-05-12 11:01:41 - INFO - Mesa encontrada: 12-May#0.5/1 üçÄüá≤üáæ‚ë†
2025-05-12 11:01:41 - INFO - Iniciando an√°lisis de mesa
2025-05-12 11:01:42 - INFO - Leyendo nick...
2025-05-12 11:01:42 - ERROR - Error en an√°lisis de mesa: name 'log_message' is not defined
2025-05-12 11:01:42 - ERROR - Traceback (most recent call last):
  File "C:\Users\USER\Desktop\pokerprosof\src\core\ocr_engine.py", line 82, in capture_and_read_nick
    result = ocr.ocr(img_np, cls=True)
  File "C:\Users\USER\AppData\Local\Programs\Python\Python310\lib\site-packages\paddleocr\paddleocr.py", line 766, in ocr
    dt_boxes, rec_res, _ = self.__call__(img, cls, slice)
  File "C:\Users\USER\AppData\Local\Programs\Python\Python310\lib\site-packages\paddleocr\tools\infer\predict_system.py", line 109, in __call__
    dt_boxes, elapse = self.text_detector(img)
  File "C:\Users\USER\AppData\Local\Programs\Python\Python310\lib\site-packages\paddleocr\tools\infer\predict_det.py", line 396, in __call__
    dt_boxes, elapse = self.predict(img)
  File "C:\Users\USER\AppData\Local\Programs\Python\Python310\lib\site-packages\paddleocr\tools\infer\predict_det.py", line 255, in predict
    self.predictor.run()
RuntimeError: could not execute a primitive

During handling of the above exception, another exception occurred:

Traceback (most recent call last):
  File "C:\Users\USER\Desktop\pokerprosof\src\core\ocr_engine.py", line 92, in capture_and_read_nick
    log_message(f"Error en PaddleOCR: {e}", level='error')
NameError: name 'log_message' is not defined

During handling of the above exception, another exception occurred:

Traceback (most recent call last):
  File "C:\Users\USER\Desktop\pokerprosof\src\core\poker_analyzer.py", line 97, in analyze_table
    nick = capture_and_read_nick(hwnd, config["ocr_coords"])
  File "C:\Users\USER\Desktop\pokerprosof\src\core\ocr_engine.py", line 132, in capture_and_read_nick
    log_message(f"Error en capture_and_read_nick: {e}", level='error')
NameError: name 'log_message' is not defined

2025-05-12 11:02:40 - INFO - Iniciando PokerBot Pro...
2025-05-12 11:02:41 - INFO - Iniciando listener de clic derecho
2025-05-12 11:02:41 - INFO - Hotkey alt+q registrado correctamente
2025-05-12 11:02:41 - INFO - No hay entradas en el historial
2025-05-12 11:02:41 - INFO - Hotkey alt+q registrada correctamente
2025-05-12 11:02:41 - INFO - === PokerBot Pro iniciado correctamente ===
2025-05-12 11:02:41 - INFO - Presiona alt+q o haz clic derecho para analizar nick
2025-05-12 11:03:05 - INFO - Clic derecho detectado, buscando mesa bajo el cursor
2025-05-12 11:03:05 - INFO - Mesa encontrada: 12-May#2/4 ‚ô†Ô∏è‚ô•Ô∏è‚ô£Ô∏è‚ô¶Ô∏èüî•üá≤üáæ
2025-05-12 11:03:05 - INFO - Iniciando an√°lisis de mesa
2025-05-12 11:03:05 - INFO - Leyendo nick...
2025-05-12 11:03:06 - ERROR - Error en an√°lisis de mesa: name 'log_message' is not defined
2025-05-12 11:03:06 - ERROR - Traceback (most recent call last):
  File "C:\Users\USER\Desktop\pokerprosof\src\core\ocr_engine.py", line 102, in capture_and_read_nick
    log_message(f"Tesseract detect√≥: '{texto.strip()}'")
NameError: name 'log_message' is not defined

During handling of the above exception, another exception occurred:

Traceback (most recent call last):
  File "C:\Users\USER\Desktop\pokerprosof\src\core\ocr_engine.py", line 106, in capture_and_read_nick
    log_message(f"Error en Tesseract: {e}", level='error')
NameError: name 'log_message' is not defined

During handling of the above exception, another exception occurred:

Traceback (most recent call last):
  File "C:\Users\USER\Desktop\pokerprosof\src\core\poker_analyzer.py", line 97, in analyze_table
    nick = capture_and_read_nick(hwnd, config["ocr_coords"])
  File "C:\Users\USER\Desktop\pokerprosof\src\core\ocr_engine.py", line 132, in capture_and_read_nick
    log_message(f"Error en capture_and_read_nick: {e}", level='error')
NameError: name 'log_message' is not defined

2025-05-12 11:04:02 - INFO - Clic derecho detectado, buscando mesa bajo el cursor
2025-05-12 11:04:02 - INFO - Mesa encontrada: 12-May#2/4 ‚ô†Ô∏è‚ô•Ô∏è‚ô£Ô∏è‚ô¶Ô∏èüî•üá≤üáæ
2025-05-12 11:04:02 - INFO - Iniciando an√°lisis de mesa
2025-05-12 11:04:03 - INFO - Leyendo nick...
2025-05-12 11:04:03 - ERROR - Error en an√°lisis de mesa: name 'log_message' is not defined
2025-05-12 11:04:03 - ERROR - Traceback (most recent call last):
  File "C:\Users\USER\Desktop\pokerprosof\src\core\ocr_engine.py", line 90, in capture_and_read_nick
    log_message(f"PaddleOCR detect√≥: '{text}' (confianza: {confidence:.2f})")
NameError: name 'log_message' is not defined

During handling of the above exception, another exception occurred:

Traceback (most recent call last):
  File "C:\Users\USER\Desktop\pokerprosof\src\core\ocr_engine.py", line 92, in capture_and_read_nick
    log_message(f"Error en PaddleOCR: {e}", level='error')
NameError: name 'log_message' is not defined

During handling of the above exception, another exception occurred:

Traceback (most recent call last):
  File "C:\Users\USER\Desktop\pokerprosof\src\core\poker_analyzer.py", line 97, in analyze_table
    nick = capture_and_read_nick(hwnd, config["ocr_coords"])
  File "C:\Users\USER\Desktop\pokerprosof\src\core\ocr_engine.py", line 132, in capture_and_read_nick
    log_message(f"Error en capture_and_read_nick: {e}", level='error')
NameError: name 'log_message' is not defined

2025-05-12 11:04:38 - INFO - Clic derecho detectado, buscando mesa bajo el cursor
2025-05-12 11:04:38 - INFO - Mesa encontrada: 12-May#2/4 ‚ô†Ô∏è‚ô•Ô∏è‚ô£Ô∏è‚ô¶Ô∏èüî•üá≤üáæ
2025-05-12 11:04:38 - INFO - Iniciando an√°lisis de mesa
2025-05-12 11:04:39 - INFO - Leyendo nick...
2025-05-12 11:04:39 - ERROR - Error en an√°lisis de mesa: name 'log_message' is not defined
2025-05-12 11:04:39 - ERROR - Traceback (most recent call last):
  File "C:\Users\USER\Desktop\pokerprosof\src\core\ocr_engine.py", line 82, in capture_and_read_nick
    result = ocr.ocr(img_np, cls=True)
  File "C:\Users\USER\AppData\Local\Programs\Python\Python310\lib\site-packages\paddleocr\paddleocr.py", line 766, in ocr
    dt_boxes, rec_res, _ = self.__call__(img, cls, slice)
  File "C:\Users\USER\AppData\Local\Programs\Python\Python310\lib\site-packages\paddleocr\tools\infer\predict_system.py", line 109, in __call__
    dt_boxes, elapse = self.text_detector(img)
  File "C:\Users\USER\AppData\Local\Programs\Python\Python310\lib\site-packages\paddleocr\tools\infer\predict_det.py", line 396, in __call__
    dt_boxes, elapse = self.predict(img)
  File "C:\Users\USER\AppData\Local\Programs\Python\Python310\lib\site-packages\paddleocr\tools\infer\predict_det.py", line 255, in predict
    self.predictor.run()
RuntimeError: could not execute a primitive

During handling of the above exception, another exception occurred:

Traceback (most recent call last):
  File "C:\Users\USER\Desktop\pokerprosof\src\core\ocr_engine.py", line 92, in capture_and_read_nick
    log_message(f"Error en PaddleOCR: {e}", level='error')
NameError: name 'log_message' is not defined

During handling of the above exception, another exception occurred:

Traceback (most recent call last):
  File "C:\Users\USER\Desktop\pokerprosof\src\core\poker_analyzer.py", line 97, in analyze_table
    nick = capture_and_read_nick(hwnd, config["ocr_coords"])
  File "C:\Users\USER\Desktop\pokerprosof\src\core\ocr_engine.py", line 132, in capture_and_read_nick
    log_message(f"Error en capture_and_read_nick: {e}", level='error')
NameError: name 'log_message' is not defined

2025-05-12 11:05:55 - INFO - Clic derecho detectado, buscando mesa bajo el cursor
2025-05-12 11:05:55 - INFO - Mesa encontrada: 2/4 ‚ô†Ô∏è‚ô•Ô∏è‚ô£Ô∏è‚ô¶Ô∏èüî•üá≤üáæ
2025-05-12 11:05:55 - INFO - Iniciando an√°lisis de mesa
2025-05-12 11:05:55 - INFO - Leyendo nick...
2025-05-12 11:05:55 - ERROR - Error en an√°lisis de mesa: name 'log_message' is not defined
2025-05-12 11:05:55 - ERROR - Traceback (most recent call last):
  File "C:\Users\USER\Desktop\pokerprosof\src\core\ocr_engine.py", line 102, in capture_and_read_nick
    log_message(f"Tesseract detect√≥: '{texto.strip()}'")
NameError: name 'log_message' is not defined

During handling of the above exception, another exception occurred:

Traceback (most recent call last):
  File "C:\Users\USER\Desktop\pokerprosof\src\core\ocr_engine.py", line 106, in capture_and_read_nick
    log_message(f"Error en Tesseract: {e}", level='error')
NameError: name 'log_message' is not defined

During handling of the above exception, another exception occurred:

Traceback (most recent call last):
  File "C:\Users\USER\Desktop\pokerprosof\src\core\poker_analyzer.py", line 97, in analyze_table
    nick = capture_and_read_nick(hwnd, config["ocr_coords"])
  File "C:\Users\USER\Desktop\pokerprosof\src\core\ocr_engine.py", line 132, in capture_and_read_nick
    log_message(f"Error en capture_and_read_nick: {e}", level='error')
NameError: name 'log_message' is not defined

2025-05-12 11:06:07 - INFO - Clic derecho detectado, buscando mesa bajo el cursor
2025-05-12 11:06:07 - INFO - Mesa encontrada: 2/4 ‚ô†Ô∏è‚ô•Ô∏è‚ô£Ô∏è‚ô¶Ô∏èüî•üá≤üáæ
2025-05-12 11:06:07 - INFO - Iniciando an√°lisis de mesa
2025-05-12 11:06:07 - INFO - Leyendo nick...
2025-05-12 11:06:07 - ERROR - Error en an√°lisis de mesa: name 'log_message' is not defined
2025-05-12 11:06:07 - ERROR - Traceback (most recent call last):
  File "C:\Users\USER\Desktop\pokerprosof\src\core\ocr_engine.py", line 90, in capture_and_read_nick
    log_message(f"PaddleOCR detect√≥: '{text}' (confianza: {confidence:.2f})")
NameError: name 'log_message' is not defined

During handling of the above exception, another exception occurred:

Traceback (most recent call last):
  File "C:\Users\USER\Desktop\pokerprosof\src\core\ocr_engine.py", line 92, in capture_and_read_nick
    log_message(f"Error en PaddleOCR: {e}", level='error')
NameError: name 'log_message' is not defined

During handling of the above exception, another exception occurred:

Traceback (most recent call last):
  File "C:\Users\USER\Desktop\pokerprosof\src\core\poker_analyzer.py", line 97, in analyze_table
    nick = capture_and_read_nick(hwnd, config["ocr_coords"])
  File "C:\Users\USER\Desktop\pokerprosof\src\core\ocr_engine.py", line 132, in capture_and_read_nick
    log_message(f"Error en capture_and_read_nick: {e}", level='error')
NameError: name 'log_message' is not defined

2025-05-12 11:06:22 - INFO - Clic derecho detectado, buscando mesa bajo el cursor
2025-05-12 11:06:22 - INFO - Mesa encontrada: 2/4 ‚ô†Ô∏è‚ô•Ô∏è‚ô£Ô∏è‚ô¶Ô∏èüî•üá≤üáæ
2025-05-12 11:06:22 - INFO - Iniciando an√°lisis de mesa
2025-05-12 11:06:22 - INFO - Leyendo nick...
2025-05-12 11:06:22 - ERROR - Error en an√°lisis de mesa: name 'log_message' is not defined
2025-05-12 11:06:22 - ERROR - Traceback (most recent call last):
  File "C:\Users\USER\Desktop\pokerprosof\src\core\ocr_engine.py", line 82, in capture_and_read_nick
    result = ocr.ocr(img_np, cls=True)
  File "C:\Users\USER\AppData\Local\Programs\Python\Python310\lib\site-packages\paddleocr\paddleocr.py", line 766, in ocr
    dt_boxes, rec_res, _ = self.__call__(img, cls, slice)
  File "C:\Users\USER\AppData\Local\Programs\Python\Python310\lib\site-packages\paddleocr\tools\infer\predict_system.py", line 109, in __call__
    dt_boxes, elapse = self.text_detector(img)
  File "C:\Users\USER\AppData\Local\Programs\Python\Python310\lib\site-packages\paddleocr\tools\infer\predict_det.py", line 396, in __call__
    dt_boxes, elapse = self.predict(img)
  File "C:\Users\USER\AppData\Local\Programs\Python\Python310\lib\site-packages\paddleocr\tools\infer\predict_det.py", line 255, in predict
    self.predictor.run()
RuntimeError: could not execute a primitive

During handling of the above exception, another exception occurred:

Traceback (most recent call last):
  File "C:\Users\USER\Desktop\pokerprosof\src\core\ocr_engine.py", line 92, in capture_and_read_nick
    log_message(f"Error en PaddleOCR: {e}", level='error')
NameError: name 'log_message' is not defined

During handling of the above exception, another exception occurred:

Traceback (most recent call last):
  File "C:\Users\USER\Desktop\pokerprosof\src\core\poker_analyzer.py", line 97, in analyze_table
    nick = capture_and_read_nick(hwnd, config["ocr_coords"])
  File "C:\Users\USER\Desktop\pokerprosof\src\core\ocr_engine.py", line 132, in capture_and_read_nick
    log_message(f"Error en capture_and_read_nick: {e}", level='error')
NameError: name 'log_message' is not defined

2025-05-12 11:06:34 - INFO - Clic derecho detectado, buscando mesa bajo el cursor
2025-05-12 11:06:34 - INFO - Mesa encontrada: 2/4 ‚ô†Ô∏è‚ô•Ô∏è‚ô£Ô∏è‚ô¶Ô∏èüî•üá≤üáæ
2025-05-12 11:06:34 - INFO - Iniciando an√°lisis de mesa
2025-05-12 11:06:34 - INFO - Leyendo nick...
2025-05-12 11:06:35 - ERROR - Error en an√°lisis de mesa: name 'log_message' is not defined
2025-05-12 11:06:35 - ERROR - Traceback (most recent call last):
  File "C:\Users\USER\Desktop\pokerprosof\src\core\ocr_engine.py", line 90, in capture_and_read_nick
    log_message(f"PaddleOCR detect√≥: '{text}' (confianza: {confidence:.2f})")
NameError: name 'log_message' is not defined

During handling of the above exception, another exception occurred:

Traceback (most recent call last):
  File "C:\Users\USER\Desktop\pokerprosof\src\core\ocr_engine.py", line 92, in capture_and_read_nick
    log_message(f"Error en PaddleOCR: {e}", level='error')
NameError: name 'log_message' is not defined

During handling of the above exception, another exception occurred:

Traceback (most recent call last):
  File "C:\Users\USER\Desktop\pokerprosof\src\core\poker_analyzer.py", line 97, in analyze_table
    nick = capture_and_read_nick(hwnd, config["ocr_coords"])
  File "C:\Users\USER\Desktop\pokerprosof\src\core\ocr_engine.py", line 132, in capture_and_read_nick
    log_message(f"Error en capture_and_read_nick: {e}", level='error')
NameError: name 'log_message' is not defined

2025-05-12 11:06:48 - INFO - Clic derecho detectado, buscando mesa bajo el cursor
2025-05-12 11:06:48 - INFO - Mesa encontrada: 2/4 ‚ô†Ô∏è‚ô•Ô∏è‚ô£Ô∏è‚ô¶Ô∏èüî•üá≤üáæ
2025-05-12 11:06:48 - INFO - Iniciando an√°lisis de mesa
2025-05-12 11:06:48 - INFO - Leyendo nick...
2025-05-12 11:06:48 - ERROR - Error en an√°lisis de mesa: name 'log_message' is not defined
2025-05-12 11:06:48 - ERROR - Traceback (most recent call last):
  File "C:\Users\USER\Desktop\pokerprosof\src\core\ocr_engine.py", line 82, in capture_and_read_nick
    result = ocr.ocr(img_np, cls=True)
  File "C:\Users\USER\AppData\Local\Programs\Python\Python310\lib\site-packages\paddleocr\paddleocr.py", line 766, in ocr
    dt_boxes, rec_res, _ = self.__call__(img, cls, slice)
  File "C:\Users\USER\AppData\Local\Programs\Python\Python310\lib\site-packages\paddleocr\tools\infer\predict_system.py", line 109, in __call__
    dt_boxes, elapse = self.text_detector(img)
  File "C:\Users\USER\AppData\Local\Programs\Python\Python310\lib\site-packages\paddleocr\tools\infer\predict_det.py", line 396, in __call__
    dt_boxes, elapse = self.predict(img)
  File "C:\Users\USER\AppData\Local\Programs\Python\Python310\lib\site-packages\paddleocr\tools\infer\predict_det.py", line 255, in predict
    self.predictor.run()
RuntimeError: could not execute a primitive

During handling of the above exception, another exception occurred:

Traceback (most recent call last):
  File "C:\Users\USER\Desktop\pokerprosof\src\core\ocr_engine.py", line 92, in capture_and_read_nick
    log_message(f"Error en PaddleOCR: {e}", level='error')
NameError: name 'log_message' is not defined

During handling of the above exception, another exception occurred:

Traceback (most recent call last):
  File "C:\Users\USER\Desktop\pokerprosof\src\core\poker_analyzer.py", line 97, in analyze_table
    nick = capture_and_read_nick(hwnd, config["ocr_coords"])
  File "C:\Users\USER\Desktop\pokerprosof\src\core\ocr_engine.py", line 132, in capture_and_read_nick
    log_message(f"Error en capture_and_read_nick: {e}", level='error')
NameError: name 'log_message' is not defined

2025-05-12 11:06:52 - INFO - Clic derecho detectado, buscando mesa bajo el cursor
2025-05-12 11:06:52 - INFO - Mesa encontrada: 2/4 ‚ô†Ô∏è‚ô•Ô∏è‚ô£Ô∏è‚ô¶Ô∏èüî•üá≤üáæ
2025-05-12 11:06:52 - INFO - Iniciando an√°lisis de mesa
2025-05-12 11:06:53 - INFO - Leyendo nick...
2025-05-12 11:06:53 - ERROR - Error en an√°lisis de mesa: name 'log_message' is not defined
2025-05-12 11:06:53 - ERROR - Traceback (most recent call last):
  File "C:\Users\USER\Desktop\pokerprosof\src\core\ocr_engine.py", line 90, in capture_and_read_nick
    log_message(f"PaddleOCR detect√≥: '{text}' (confianza: {confidence:.2f})")
NameError: name 'log_message' is not defined

During handling of the above exception, another exception occurred:

Traceback (most recent call last):
  File "C:\Users\USER\Desktop\pokerprosof\src\core\ocr_engine.py", line 92, in capture_and_read_nick
    log_message(f"Error en PaddleOCR: {e}", level='error')
NameError: name 'log_message' is not defined

During handling of the above exception, another exception occurred:

Traceback (most recent call last):
  File "C:\Users\USER\Desktop\pokerprosof\src\core\poker_analyzer.py", line 97, in analyze_table
    nick = capture_and_read_nick(hwnd, config["ocr_coords"])
  File "C:\Users\USER\Desktop\pokerprosof\src\core\ocr_engine.py", line 132, in capture_and_read_nick
    log_message(f"Error en capture_and_read_nick: {e}", level='error')
NameError: name 'log_message' is not defined

2025-05-12 11:10:32 - INFO - Iniciando PokerBot Pro...
2025-05-12 11:10:33 - INFO - OCR pre-inicializado correctamente con prueba de caracteres asi√°ticos
2025-05-12 11:10:33 - INFO - Iniciando listener de clic derecho
2025-05-12 11:10:34 - INFO - Hotkey alt+q registrado correctamente
2025-05-12 11:10:34 - INFO - No hay entradas en el historial
2025-05-12 11:10:34 - INFO - Hotkey alt+q registrada correctamente
2025-05-12 11:10:34 - INFO - === PokerBot Pro iniciado correctamente ===
2025-05-12 11:10:34 - INFO - Presiona alt+q o haz clic derecho para analizar nick
2025-05-12 11:10:41 - INFO - Clic derecho detectado, buscando mesa bajo el cursor
2025-05-12 11:10:41 - INFO - Mesa encontrada: 2/4 ‚ô†Ô∏è‚ô•Ô∏è‚ô£Ô∏è‚ô¶Ô∏èüî•üá≤üáæ
2025-05-12 11:10:41 - INFO - Iniciando an√°lisis de mesa
2025-05-12 11:10:41 - INFO - Leyendo nick...
2025-05-12 11:10:42 - INFO - PaddleOCR detect√≥: 'BRAYDON' (confianza: 1.00)
2025-05-12 11:10:42 - INFO - Nick final: 'BRAYDON'
2025-05-12 11:10:42 - ERROR - Error en an√°lisis de mesa: local variable 'win32gui' referenced before assignment
2025-05-12 11:10:42 - ERROR - Traceback (most recent call last):
  File "C:\Users\USER\Desktop\pokerprosof\src\core\poker_analyzer.py", line 110, in analyze_table
    left, top, _, _ = win32gui.GetWindowRect(hwnd)
UnboundLocalError: local variable 'win32gui' referenced before assignment

2025-05-12 11:13:23 - INFO - Iniciando PokerBot Pro...
2025-05-12 11:13:24 - INFO - OCR pre-inicializado correctamente con prueba de caracteres asi√°ticos
2025-05-12 11:13:24 - INFO - Iniciando listener de clic derecho
2025-05-12 11:13:24 - INFO - Hotkey alt+q registrado correctamente
2025-05-12 11:13:24 - INFO - No hay entradas en el historial
2025-05-12 11:13:24 - INFO - Hotkey alt+q registrada correctamente
2025-05-12 11:13:24 - INFO - === PokerBot Pro iniciado correctamente ===
2025-05-12 11:13:24 - INFO - Presiona alt+q o haz clic derecho para analizar nick
2025-05-12 11:13:32 - INFO - Clic derecho detectado, buscando mesa bajo el cursor
2025-05-12 11:13:32 - INFO - Mesa encontrada: 2/4 ‚ô†Ô∏è‚ô•Ô∏è‚ô£Ô∏è‚ô¶Ô∏èüî•üá≤üáæ
2025-05-12 11:13:32 - INFO - Iniciando an√°lisis de mesa
2025-05-12 11:13:32 - INFO - Leyendo nick...
2025-05-12 11:13:32 - INFO - PaddleOCR detect√≥: 'Godford' (confianza: 1.00)
2025-05-12 11:13:32 - INFO - Nick final: 'Godford'
2025-05-12 11:13:32 - INFO - Nick detectado: 'Godford'
2025-05-12 11:13:35 - INFO - Stats: VPIP:26 PFR:13 3B:4 F3B:49 WTSD:23 WSD:54 CB:51/37
2025-05-12 11:13:35 - INFO - An√°lisis: üéØ Informe sobre Godford:

1Ô∏è‚É£ Estilo de juego: Pasivo preflop, agresivo postflop.

2Ô∏è‚ÉÉ Errores explo...
2025-05-12 11:13:35 - INFO - Texto pegado en ventana de poker
2025-05-12 11:13:35 - INFO - Historial guardado: 1 entradas
2025-05-12 11:13:35 - INFO - An√°lisis completado con √©xito
2025-05-12 11:15:44 - INFO - Clic derecho detectado, buscando mesa bajo el cursor
2025-05-12 11:15:44 - WARNING - No se encontr√≥ una mesa bajo el cursor
2025-05-12 11:44:23 - INFO - Iniciando PokerBot Pro...
2025-05-12 11:44:24 - INFO - OCR pre-inicializado correctamente con prueba de caracteres asi√°ticos
2025-05-12 11:44:24 - INFO - Iniciando listener de clic derecho
2025-05-12 11:44:24 - INFO - Hotkey alt+q registrado correctamente
2025-05-12 11:44:24 - INFO - Hotkey alt+q registrada correctamente
2025-05-12 11:44:24 - INFO - === PokerBot Pro iniciado correctamente ===
2025-05-12 11:44:24 - INFO - Presiona alt+q o haz clic derecho para analizar nick
2025-05-12 11:44:47 - INFO - Clic derecho detectado, buscando mesa bajo el cursor
2025-05-12 11:44:47 - INFO - Mesa encontrada: 2/4 ‚ô†Ô∏è‚ô•Ô∏è‚ô£Ô∏è‚ô¶Ô∏èüî•üá≤üáæ
2025-05-12 11:44:47 - INFO - Iniciando an√°lisis de mesa
2025-05-12 11:44:47 - INFO - Leyendo nick...
2025-05-12 11:44:47 - INFO - PaddleOCR detect√≥: 'Saitama' (confianza: 0.99)
2025-05-12 11:44:47 - INFO - Nick final: 'Saitama'
2025-05-12 11:44:47 - INFO - Nick detectado: 'Saitama'
2025-05-12 11:44:50 - INFO - Stats: VPIP:27 PFR:15 3B:7 F3B:48 WTSD:28 WSD:47 CB:61/44
2025-05-12 11:44:50 - INFO - An√°lisis: üéØ Informe sobre Saitama:

1Ô∏è‚É£ Estilo de juego: Pasivo preflop con agresi√≥n inconsistente postflop.

...
2025-05-12 11:44:51 - INFO - Texto pegado en ventana de poker
2025-05-12 11:44:51 - INFO - Historial guardado: 2 entradas
2025-05-12 11:44:51 - INFO - An√°lisis completado con √©xito
2025-05-12 11:46:02 - INFO - === PokerBot Pro iniciado correctamente ===
2025-05-12 11:46:02 - INFO - Presiona alt+q o haz clic derecho para analizar nick
2025-05-12 11:46:02 - INFO - Cerrando aplicaci√≥n...
2025-05-12 11:46:02 - INFO - Deteniendo listener de clic derecho
2025-05-12 11:46:02 - INFO - Aplicaci√≥n cerrada correctamente
2025-05-12 11:46:17 - INFO - Iniciando PokerBot Pro...
2025-05-12 11:46:18 - INFO - OCR pre-inicializado correctamente con prueba de caracteres asi√°ticos
2025-05-12 11:46:18 - INFO - Iniciando listener de clic derecho
2025-05-12 11:46:18 - INFO - Hotkey alt+q registrado correctamente
2025-05-12 11:46:18 - INFO - Hotkey alt+q registrada correctamente
2025-05-12 11:46:18 - INFO - === PokerBot Pro iniciado correctamente ===
2025-05-12 11:46:18 - INFO - Presiona alt+q o haz clic derecho para analizar nick
2025-05-12 11:46:35 - INFO - Clic derecho detectado, buscando mesa bajo el cursor
2025-05-12 11:46:35 - INFO - Mesa encontrada: 2/4 ‚ô†Ô∏è‚ô•Ô∏è‚ô£Ô∏è‚ô¶Ô∏èüî•üá≤üáæ
2025-05-12 11:46:35 - INFO - Iniciando an√°lisis de mesa
2025-05-12 11:46:35 - INFO - Leyendo nick...
2025-05-12 11:46:35 - INFO - PaddleOCR detect√≥: 'MyVPIPisurlQ' (confianza: 0.97)
2025-05-12 11:46:35 - INFO - Nick final: 'MyVPIPisurlQ'
2025-05-12 11:46:36 - INFO - Nick detectado: 'MyVPIPisurlQ'
2025-05-12 11:46:36 - ERROR - Error al obtener/analizar stats: Error al obtener stats: C√≥digo 404, {"message":"Jugador 'MyVPIPisurlQ' no encontrado en la sala 'XPK'."}
2025-05-12 11:46:47 - INFO - Clic derecho detectado, buscando mesa bajo el cursor
2025-05-12 11:46:47 - INFO - Mesa encontrada: 2/4 ‚ô†Ô∏è‚ô•Ô∏è‚ô£Ô∏è‚ô¶Ô∏èüî•üá≤üáæ
2025-05-12 11:46:47 - INFO - Iniciando an√°lisis de mesa
2025-05-12 11:46:47 - INFO - Leyendo nick...
2025-05-12 11:46:47 - ERROR - Error en PaddleOCR: could not execute a primitive
2025-05-12 11:46:49 - INFO - Tesseract detect√≥: 'joe8996'
2025-05-12 11:46:49 - INFO - Nick final: 'joe8996'
2025-05-12 11:46:49 - INFO - Nick detectado: 'joe8996'
2025-05-12 11:46:50 - ERROR - Error al obtener/analizar stats: Error al obtener stats: C√≥digo 404, {"message":"Jugador 'joe8996' no encontrado en la sala 'XPK'."}
2025-05-12 11:47:02 - INFO - Clic derecho detectado, buscando mesa bajo el cursor
2025-05-12 11:47:02 - INFO - Mesa encontrada: 2/4 ‚ô†Ô∏è‚ô•Ô∏è‚ô£Ô∏è‚ô¶Ô∏èüî•üá≤üáæ
2025-05-12 11:47:02 - INFO - Iniciando an√°lisis de mesa
2025-05-12 11:47:02 - INFO - Leyendo nick...
2025-05-12 11:47:02 - INFO - PaddleOCR detect√≥: 'Godford' (confianza: 1.00)
2025-05-12 11:47:02 - INFO - Nick final: 'Godford'
2025-05-12 11:47:02 - INFO - Nick detectado: 'Godford'
2025-05-12 11:47:04 - INFO - Stats: VPIP:26 PFR:13 3B:4 F3B:49 WTSD:23 WSD:54 CB:51/37
2025-05-12 11:47:04 - INFO - An√°lisis: üéØ Informe sobre Godford:

1Ô∏è‚É£ Estilo de juego: Pasivo preflop con agresi√≥n inconsistente postflop.

...
2025-05-12 11:47:05 - INFO - Texto pegado en ventana de poker
2025-05-12 11:47:05 - INFO - Historial guardado: 3 entradas
2025-05-12 11:47:05 - INFO - An√°lisis completado con √©xito
2025-05-12 12:12:05 - INFO - Iniciando PokerBot Pro...
2025-05-12 12:12:06 - INFO - OCR pre-inicializado correctamente con prueba de caracteres asi√°ticos
2025-05-12 12:12:06 - INFO - Iniciando listener de clic derecho
2025-05-12 12:12:06 - INFO - Hotkey alt+q registrado correctamente
2025-05-12 12:12:07 - INFO - Actualizando treeview con 3 entradas de historial
2025-05-12 12:12:07 - INFO - Se mostraron 3 entradas en el historial
2025-05-12 12:12:07 - INFO - Hotkey alt+q registrada correctamente
2025-05-12 12:12:07 - INFO - === PokerBot Pro iniciado correctamente ===
2025-05-12 12:12:07 - INFO - Presiona alt+q o haz clic derecho para analizar nick
2025-05-12 12:12:19 - INFO - Clic derecho detectado, buscando mesa bajo el cursor
2025-05-12 12:12:19 - INFO - Mesa encontrada: 2/4 ‚ô†Ô∏è‚ô•Ô∏è‚ô£Ô∏è‚ô¶Ô∏èüî•üá≤üáæ
2025-05-12 12:12:19 - INFO - Iniciando an√°lisis de mesa
2025-05-12 12:12:19 - INFO - Leyendo nick...
2025-05-12 12:12:20 - INFO - PaddleOCR detect√≥: 'Sb1111' (confianza: 1.00)
2025-05-12 12:12:20 - INFO - Nick final: 'Sb1111'
2025-05-12 12:12:20 - INFO - Nick detectado: 'Sb1111'
2025-05-12 12:12:20 - INFO - Stats: VPIP:52 PFR:19 3B:6 F3B:47 WTSD:25 WSD:37 CB:90/42
2025-05-12 12:12:20 - INFO - An√°lisis: ‚ö†Ô∏è Error al analizar: name 'time' is not defined......
2025-05-12 12:12:21 - INFO - Texto pegado en ventana de poker
2025-05-12 12:12:21 - INFO - Historial guardado: 4 entradas
2025-05-12 12:12:21 - INFO - An√°lisis completado con √©xito
2025-05-12 12:12:21 - WARNING - No se encontr√≥ el widget de historial para actualizar
2025-05-12 12:12:56 - INFO - Clic derecho detectado, buscando mesa bajo el cursor
2025-05-12 12:12:56 - INFO - Mesa encontrada: 2/4 ‚ô†Ô∏è‚ô•Ô∏è‚ô£Ô∏è‚ô¶Ô∏èüî•üá≤üáæ
2025-05-12 12:12:56 - INFO - Iniciando an√°lisis de mesa
2025-05-12 12:12:56 - INFO - Detectado cambio de jugador en la misma ventana
2025-05-12 12:12:56 - INFO - La ventana cambi√≥, obteniendo nuevo nick...
2025-05-12 12:12:56 - INFO - Leyendo nick...
2025-05-12 12:12:56 - ERROR - Error en PaddleOCR: could not execute a primitive
2025-05-12 12:12:57 - INFO - Tesseract detect√≥: 'big whale'
2025-05-12 12:12:57 - INFO - Nick final: 'big whale'
2025-05-12 12:12:57 - INFO - Nick detectado: 'big whale'
2025-05-12 12:12:58 - INFO - Stats: VPIP:65 PFR:7 3B:2 F3B:8 WTSD:34 WSD:50 CB:64/51
2025-05-12 12:12:58 - INFO - An√°lisis: ‚ö†Ô∏è Error al analizar: name 'time' is not defined......
2025-05-12 12:12:59 - INFO - Texto pegado en ventana de poker
2025-05-12 12:12:59 - INFO - Historial guardado: 5 entradas
2025-05-12 12:12:59 - INFO - An√°lisis completado con √©xito
2025-05-12 12:12:59 - WARNING - No se encontr√≥ el widget de historial para actualizar
2025-05-12 12:14:25 - INFO - Iniciando PokerBot Pro...
2025-05-12 12:14:26 - INFO - OCR pre-inicializado correctamente con prueba de caracteres asi√°ticos
2025-05-12 12:14:26 - INFO - Iniciando listener de clic derecho
2025-05-12 12:14:26 - INFO - Hotkey alt+q registrado correctamente
2025-05-12 12:14:26 - INFO - Actualizando treeview con 5 entradas de historial
2025-05-12 12:14:26 - INFO - Se mostraron 5 entradas en el historial
2025-05-12 12:14:26 - INFO - Hotkey alt+q registrada correctamente
2025-05-12 12:14:26 - INFO - === PokerBot Pro iniciado correctamente ===
2025-05-12 12:14:26 - INFO - Presiona alt+q o haz clic derecho para analizar nick
2025-05-12 12:14:34 - INFO - Clic derecho detectado, buscando mesa bajo el cursor
2025-05-12 12:14:34 - INFO - Mesa encontrada: 2/4 ‚ô†Ô∏è‚ô•Ô∏è‚ô£Ô∏è‚ô¶Ô∏èüî•üá≤üáæ
2025-05-12 12:14:34 - INFO - Iniciando an√°lisis de mesa
2025-05-12 12:14:34 - INFO - Leyendo nick...
2025-05-12 12:14:34 - INFO - PaddleOCR detect√≥: 'big whale' (confianza: 0.99)
2025-05-12 12:14:34 - INFO - Nick final: 'big whale'
2025-05-12 12:14:34 - INFO - Nick detectado: 'big whale'
2025-05-12 12:14:37 - INFO - Stats: VPIP:65 PFR:7 3B:2 F3B:8 WTSD:34 WSD:50 CB:64/51
2025-05-12 12:14:37 - INFO - An√°lisis: üéØ Informe sobre big whale:

1Ô∏è‚É£ Estilo de juego: Muy pasivo, jugando muchas manos pero sin agresi√≥n ...
2025-05-12 12:14:37 - INFO - Texto pegado en ventana de poker
2025-05-12 12:14:37 - INFO - Historial guardado: 6 entradas
2025-05-12 12:14:37 - INFO - An√°lisis completado con √©xito
2025-05-12 12:14:37 - WARNING - No se encontr√≥ el widget de historial para actualizar
2025-05-12 12:14:54 - INFO - Historial guardado: 0 entradas
2025-05-12 12:14:54 - INFO - Historial limpiado completamente
2025-05-12 12:14:54 - INFO - No hay entradas en el historial
2025-05-12 12:14:57 - INFO - Clic derecho detectado, buscando mesa bajo el cursor
2025-05-12 12:14:57 - INFO - Mesa encontrada: 2/4 ‚ô†Ô∏è‚ô•Ô∏è‚ô£Ô∏è‚ô¶Ô∏èüî•üá≤üáæ
2025-05-12 12:14:57 - INFO - Iniciando an√°lisis de mesa
2025-05-12 12:14:57 - INFO - Nick recuperado de cach√©: 'big whale'
2025-05-12 12:14:59 - INFO - Stats: VPIP:65 PFR:7 3B:2 F3B:8 WTSD:34 WSD:50 CB:64/51
2025-05-12 12:14:59 - INFO - An√°lisis: üéØ Informe sobre big whale:

1Ô∏è‚É£ Estilo de juego: 
Muy pasivo con VPIP alto y PFR bajo, se frena en t...
2025-05-12 12:14:59 - INFO - Texto pegado en ventana de poker
2025-05-12 12:14:59 - INFO - Historial guardado: 1 entradas
2025-05-12 12:14:59 - INFO - An√°lisis completado con √©xito
2025-05-12 12:14:59 - WARNING - No se encontr√≥ el widget de historial para actualizar
2025-05-12 12:15:57 - INFO - Iniciando PokerBot Pro...
2025-05-12 12:15:58 - INFO - OCR pre-inicializado correctamente con prueba de caracteres asi√°ticos
2025-05-12 12:15:58 - INFO - Iniciando listener de clic derecho
2025-05-12 12:15:59 - INFO - Hotkey alt+q registrado correctamente
2025-05-12 12:15:59 - INFO - Actualizando treeview con 1 entradas de historial
2025-05-12 12:15:59 - INFO - Se mostraron 1 entradas en el historial
2025-05-12 12:15:59 - INFO - Hotkey alt+q registrada correctamente
2025-05-12 12:15:59 - INFO - === PokerBot Pro iniciado correctamente ===
2025-05-12 12:15:59 - INFO - Presiona alt+q o haz clic derecho para analizar nick
2025-05-12 12:16:12 - INFO - Clic derecho detectado, buscando mesa bajo el cursor
2025-05-12 12:16:12 - INFO - Mesa encontrada: 2/4 ‚ô†Ô∏è‚ô•Ô∏è‚ô£Ô∏è‚ô¶Ô∏èüî•üá≤üáæ
2025-05-12 12:16:12 - INFO - Iniciando an√°lisis de mesa
2025-05-12 12:16:12 - INFO - Leyendo nick...
2025-05-12 12:16:12 - INFO - PaddleOCR detect√≥: 'Sb1111' (confianza: 1.00)
2025-05-12 12:16:12 - INFO - Nick final: 'Sb1111'
2025-05-12 12:16:12 - INFO - Nick detectado: 'Sb1111'
2025-05-12 12:16:14 - INFO - Stats: VPIP:52 PFR:19 3B:6 F3B:47 WTSD:25 WSD:37 CB:90/42
2025-05-12 12:16:14 - INFO - An√°lisis: üéØ Informe sobre Sb1111:

1Ô∏è‚É£ Estilo de juego: Pasivo-agresivo, jugando muchas manos pero sin mucha a...
2025-05-12 12:16:14 - INFO - Texto pegado en ventana de poker
2025-05-12 12:16:14 - INFO - Historial guardado: 2 entradas
2025-05-12 12:16:14 - INFO - An√°lisis completado con √©xito
2025-05-12 12:16:14 - WARNING - No se encontr√≥ el widget de historial para actualizar
2025-05-12 12:22:01 - INFO - Iniciando PokerBot Pro...
2025-05-12 12:22:02 - INFO - OCR pre-inicializado correctamente con prueba de caracteres asi√°ticos
2025-05-12 12:22:02 - INFO - Iniciando listener de clic derecho
2025-05-12 12:22:02 - INFO - Hotkey alt+q registrado correctamente
2025-05-12 12:22:02 - INFO - Actualizando treeview con 2 entradas de historial
2025-05-12 12:22:02 - INFO - Se mostraron 2 entradas en el historial
2025-05-12 12:22:03 - INFO - Hotkey alt+q registrada correctamente
2025-05-12 12:22:03 - INFO - === PokerBot Pro iniciado correctamente ===
2025-05-12 12:22:03 - INFO - Presiona alt+q o haz clic derecho para analizar nick
2025-05-12 12:22:16 - INFO - Clic derecho detectado, buscando mesa bajo el cursor
2025-05-12 12:22:16 - INFO - Mesa encontrada: 2/4 ‚ô†Ô∏è‚ô•Ô∏è‚ô£Ô∏è‚ô¶Ô∏èüî•üá≤üáæ
2025-05-12 12:22:16 - INFO - Iniciando an√°lisis de mesa
2025-05-12 12:22:16 - INFO - Leyendo nick...
2025-05-12 12:22:17 - INFO - PaddleOCR detect√≥: 'Sb1111' (confianza: 1.00)
2025-05-12 12:22:17 - INFO - Nick final: 'Sb1111'
2025-05-12 12:22:17 - INFO - Nick detectado: 'Sb1111'
2025-05-12 12:22:18 - INFO - Stats: VPIP:52 PFR:19 3B:6 F3B:47 WTSD:25 WSD:37 CB:90/42
2025-05-12 12:22:18 - INFO - An√°lisis: üéØ Informe sobre Sb1111:

1Ô∏è‚É£ Estilo de juego: Pasivo preflop, agresivo postflop.

2Ô∏è‚É£ Errores explot...
2025-05-12 12:22:19 - INFO - Texto pegado en ventana de poker
2025-05-12 12:22:19 - INFO - Historial guardado: 3 entradas
2025-05-12 12:22:19 - WARNING - No se pudo acceder al widget de historial
2025-05-12 12:22:19 - INFO - An√°lisis completado con √©xito
