2025-05-12 10:21:56 - INFO - Iniciando PokerBot Pro...
2025-05-12 10:21:58 - INFO - No hay entradas en el historial
2025-05-12 10:25:01 - INFO - Iniciando PokerBot Pro...
2025-05-12 10:25:02 - INFO - No hay entradas en el historial
2025-05-12 10:57:54 - INFO - Iniciando PokerBot Pro...
2025-05-12 10:57:55 - INFO - Iniciando listener de clic derecho
2025-05-12 10:57:55 - INFO - Hotkey alt+q registrado correctamente
2025-05-12 10:57:56 - INFO - No hay entradas en el historial
2025-05-12 10:57:56 - CRITICAL - Error cr√≠tico en la aplicaci√≥n: can't add .!notebook.!canvas.!frame as slave of .!notebook
2025-05-12 10:57:56 - CRITICAL - Traceback (most recent call last):
  File "C:\Users\USER\Desktop\pokerprosof\main.py", line 213, in main
    create_main_window(config)
  File "C:\Users\USER\Desktop\pokerprosof\src\ui\main_window.py", line 47, in create_main_window
    tab_control.add(config_tab, text='Configuraci√≥n')
  File "C:\Users\USER\AppData\Local\Programs\Python\Python310\lib\tkinter\ttk.py", line 839, in add
    self.tk.call(self._w, "add", child, *(_format_optdict(kw)))
_tkinter.TclError: can't add .!notebook.!canvas.!frame as slave of .!notebook

2025-05-12 10:58:24 - INFO - Iniciando PokerBot Pro...
2025-05-12 10:58:26 - INFO - Iniciando listener de clic derecho
2025-05-12 10:58:26 - INFO - Hotkey alt+q registrado correctamente
2025-05-12 10:58:26 - INFO - No hay entradas en el historial
2025-05-12 10:58:26 - CRITICAL - Error cr√≠tico en la aplicaci√≥n: can't add .!notebook.!canvas.!frame as slave of .!notebook
2025-05-12 10:58:26 - CRITICAL - Traceback (most recent call last):
  File "C:\Users\USER\Desktop\pokerprosof\main.py", line 213, in main
    create_main_window(config)
  File "C:\Users\USER\Desktop\pokerprosof\src\ui\main_window.py", line 47, in create_main_window
    tab_control.add(config_tab, text='Configuraci√≥n')
  File "C:\Users\USER\AppData\Local\Programs\Python\Python310\lib\tkinter\ttk.py", line 839, in add
    self.tk.call(self._w, "add", child, *(_format_optdict(kw)))
_tkinter.TclError: can't add .!notebook.!canvas.!frame as slave of .!notebook

2025-05-12 10:59:56 - INFO - Iniciando PokerBot Pro...
2025-05-12 10:59:57 - INFO - Iniciando listener de clic derecho
2025-05-12 10:59:57 - INFO - Hotkey alt+q registrado correctamente
2025-05-12 10:59:57 - INFO - No hay entradas en el historial
2025-05-12 10:59:57 - INFO - Hotkey alt+q registrada correctamente
2025-05-12 10:59:57 - INFO - === PokerBot Pro iniciado correctamente ===
2025-05-12 10:59:57 - INFO - Presiona alt+q o haz clic derecho para analizar nick
2025-05-12 11:00:47 - INFO - Clic derecho detectado, buscando mesa bajo el cursor
2025-05-12 11:00:47 - INFO - Mesa encontrada: 12-May#0.5/1 üçÄüá≤üáæ‚ë†
2025-05-12 11:00:47 - INFO - Iniciando an√°lisis de mesa
2025-05-12 11:00:47 - INFO - Leyendo nick...
2025-05-12 11:00:49 - ERROR - Error en an√°lisis de mesa: name 'log_message' is not defined
2025-05-12 11:00:49 - ERROR - Traceback (most recent call last):
  File "C:\Users\USER\Desktop\pokerprosof\src\core\ocr_engine.py", line 102, in capture_and_read_nick
    log_message(f"Tesseract detect√≥: '{texto.strip()}'")
NameError: name 'log_message' is not defined

During handling of the above exception, another exception occurred:

Traceback (most recent call last):
  File "C:\Users\USER\Desktop\pokerprosof\src\core\ocr_engine.py", line 106, in capture_and_read_nick
    log_message(f"Error en Tesseract: {e}", level='error')
NameError: name 'log_message' is not defined

During handling of the above exception, another exception occurred:

Traceback (most recent call last):
  File "C:\Users\USER\Desktop\pokerprosof\src\core\poker_analyzer.py", line 97, in analyze_table
    nick = capture_and_read_nick(hwnd, config["ocr_coords"])
  File "C:\Users\USER\Desktop\pokerprosof\src\core\ocr_engine.py", line 132, in capture_and_read_nick
    log_message(f"Error en capture_and_read_nick: {e}", level='error')
NameError: name 'log_message' is not defined

2025-05-12 11:00:58 - INFO - Clic derecho detectado, buscando mesa bajo el cursor
2025-05-12 11:00:58 - INFO - Mesa encontrada: 12-May#0.5/1 üçÄüá≤üáæ‚ë†
2025-05-12 11:00:58 - INFO - Iniciando an√°lisis de mesa
2025-05-12 11:00:58 - INFO - Leyendo nick...
2025-05-12 11:00:59 - ERROR - Error en an√°lisis de mesa: name 'log_message' is not defined
2025-05-12 11:00:59 - ERROR - Traceback (most recent call last):
  File "C:\Users\USER\Desktop\pokerprosof\src\core\ocr_engine.py", line 102, in capture_and_read_nick
    log_message(f"Tesseract detect√≥: '{texto.strip()}'")
NameError: name 'log_message' is not defined

During handling of the above exception, another exception occurred:

Traceback (most recent call last):
  File "C:\Users\USER\Desktop\pokerprosof\src\core\ocr_engine.py", line 106, in capture_and_read_nick
    log_message(f"Error en Tesseract: {e}", level='error')
NameError: name 'log_message' is not defined

During handling of the above exception, another exception occurred:

Traceback (most recent call last):
  File "C:\Users\USER\Desktop\pokerprosof\src\core\poker_analyzer.py", line 97, in analyze_table
    nick = capture_and_read_nick(hwnd, config["ocr_coords"])
  File "C:\Users\USER\Desktop\pokerprosof\src\core\ocr_engine.py", line 132, in capture_and_read_nick
    log_message(f"Error en capture_and_read_nick: {e}", level='error')
NameError: name 'log_message' is not defined

2025-05-12 11:01:13 - INFO - Clic derecho detectado, buscando mesa bajo el cursor
2025-05-12 11:01:13 - INFO - Mesa encontrada: 12-May#0.5/1 üçÄüá≤üáæ‚ë†
2025-05-12 11:01:13 - INFO - Iniciando an√°lisis de mesa
2025-05-12 11:01:13 - INFO - Leyendo nick...
2025-05-12 11:01:13 - ERROR - Error en an√°lisis de mesa: name 'log_message' is not defined
2025-05-12 11:01:13 - ERROR - Traceback (most recent call last):
  File "C:\Users\USER\Desktop\pokerprosof\src\core\ocr_engine.py", line 90, in capture_and_read_nick
    log_message(f"PaddleOCR detect√≥: '{text}' (confianza: {confidence:.2f})")
NameError: name 'log_message' is not defined

During handling of the above exception, another exception occurred:

Traceback (most recent call last):
  File "C:\Users\USER\Desktop\pokerprosof\src\core\ocr_engine.py", line 92, in capture_and_read_nick
    log_message(f"Error en PaddleOCR: {e}", level='error')
NameError: name 'log_message' is not defined

During handling of the above exception, another exception occurred:

Traceback (most recent call last):
  File "C:\Users\USER\Desktop\pokerprosof\src\core\poker_analyzer.py", line 97, in analyze_table
    nick = capture_and_read_nick(hwnd, config["ocr_coords"])
  File "C:\Users\USER\Desktop\pokerprosof\src\core\ocr_engine.py", line 132, in capture_and_read_nick
    log_message(f"Error en capture_and_read_nick: {e}", level='error')
NameError: name 'log_message' is not defined

2025-05-12 11:01:34 - INFO - Clic derecho detectado, buscando mesa bajo el cursor
2025-05-12 11:01:34 - INFO - Mesa encontrada: 12-May#0.5/1 üçÄüá≤üáæ‚ë†
2025-05-12 11:01:34 - INFO - Iniciando an√°lisis de mesa
2025-05-12 11:01:34 - INFO - Leyendo nick...
2025-05-12 11:01:34 - ERROR - Error en an√°lisis de mesa: name 'log_message' is not defined
2025-05-12 11:01:34 - ERROR - Traceback (most recent call last):
  File "C:\Users\USER\Desktop\pokerprosof\src\core\ocr_engine.py", line 82, in capture_and_read_nick
    result = ocr.ocr(img_np, cls=True)
  File "C:\Users\USER\AppData\Local\Programs\Python\Python310\lib\site-packages\paddleocr\paddleocr.py", line 766, in ocr
    dt_boxes, rec_res, _ = self.__call__(img, cls, slice)
  File "C:\Users\USER\AppData\Local\Programs\Python\Python310\lib\site-packages\paddleocr\tools\infer\predict_system.py", line 109, in __call__
    dt_boxes, elapse = self.text_detector(img)
  File "C:\Users\USER\AppData\Local\Programs\Python\Python310\lib\site-packages\paddleocr\tools\infer\predict_det.py", line 396, in __call__
    dt_boxes, elapse = self.predict(img)
  File "C:\Users\USER\AppData\Local\Programs\Python\Python310\lib\site-packages\paddleocr\tools\infer\predict_det.py", line 255, in predict
    self.predictor.run()
RuntimeError: could not execute a primitive

During handling of the above exception, another exception occurred:

Traceback (most recent call last):
  File "C:\Users\USER\Desktop\pokerprosof\src\core\ocr_engine.py", line 92, in capture_and_read_nick
    log_message(f"Error en PaddleOCR: {e}", level='error')
NameError: name 'log_message' is not defined

During handling of the above exception, another exception occurred:

Traceback (most recent call last):
  File "C:\Users\USER\Desktop\pokerprosof\src\core\poker_analyzer.py", line 97, in analyze_table
    nick = capture_and_read_nick(hwnd, config["ocr_coords"])
  File "C:\Users\USER\Desktop\pokerprosof\src\core\ocr_engine.py", line 132, in capture_and_read_nick
    log_message(f"Error en capture_and_read_nick: {e}", level='error')
NameError: name 'log_message' is not defined

2025-05-12 11:01:36 - INFO - Clic derecho detectado, buscando mesa bajo el cursor
2025-05-12 11:01:36 - INFO - Mesa encontrada: 12-May#0.5/1 üçÄüá≤üáæ‚ë†
2025-05-12 11:01:36 - INFO - Iniciando an√°lisis de mesa
2025-05-12 11:01:36 - INFO - Leyendo nick...
2025-05-12 11:01:36 - ERROR - Error en an√°lisis de mesa: name 'log_message' is not defined
2025-05-12 11:01:36 - ERROR - Traceback (most recent call last):
  File "C:\Users\USER\Desktop\pokerprosof\src\core\ocr_engine.py", line 90, in capture_and_read_nick
    log_message(f"PaddleOCR detect√≥: '{text}' (confianza: {confidence:.2f})")
NameError: name 'log_message' is not defined

During handling of the above exception, another exception occurred:

Traceback (most recent call last):
  File "C:\Users\USER\Desktop\pokerprosof\src\core\ocr_engine.py", line 92, in capture_and_read_nick
    log_message(f"Error en PaddleOCR: {e}", level='error')
NameError: name 'log_message' is not defined

During handling of the above exception, another exception occurred:

Traceback (most recent call last):
  File "C:\Users\USER\Desktop\pokerprosof\src\core\poker_analyzer.py", line 97, in analyze_table
    nick = capture_and_read_nick(hwnd, config["ocr_coords"])
  File "C:\Users\USER\Desktop\pokerprosof\src\core\ocr_engine.py", line 132, in capture_and_read_nick
    log_message(f"Error en capture_and_read_nick: {e}", level='error')
NameError: name 'log_message' is not defined

2025-05-12 11:01:41 - INFO - Clic derecho detectado, buscando mesa bajo el cursor
2025-05-12 11:01:41 - INFO - Mesa encontrada: 12-May#0.5/1 üçÄüá≤üáæ‚ë†
2025-05-12 11:01:41 - INFO - Iniciando an√°lisis de mesa
2025-05-12 11:01:42 - INFO - Leyendo nick...
2025-05-12 11:01:42 - ERROR - Error en an√°lisis de mesa: name 'log_message' is not defined
2025-05-12 11:01:42 - ERROR - Traceback (most recent call last):
  File "C:\Users\USER\Desktop\pokerprosof\src\core\ocr_engine.py", line 82, in capture_and_read_nick
    result = ocr.ocr(img_np, cls=True)
  File "C:\Users\USER\AppData\Local\Programs\Python\Python310\lib\site-packages\paddleocr\paddleocr.py", line 766, in ocr
    dt_boxes, rec_res, _ = self.__call__(img, cls, slice)
  File "C:\Users\USER\AppData\Local\Programs\Python\Python310\lib\site-packages\paddleocr\tools\infer\predict_system.py", line 109, in __call__
    dt_boxes, elapse = self.text_detector(img)
  File "C:\Users\USER\AppData\Local\Programs\Python\Python310\lib\site-packages\paddleocr\tools\infer\predict_det.py", line 396, in __call__
    dt_boxes, elapse = self.predict(img)
  File "C:\Users\USER\AppData\Local\Programs\Python\Python310\lib\site-packages\paddleocr\tools\infer\predict_det.py", line 255, in predict
    self.predictor.run()
RuntimeError: could not execute a primitive

During handling of the above exception, another exception occurred:

Traceback (most recent call last):
  File "C:\Users\USER\Desktop\pokerprosof\src\core\ocr_engine.py", line 92, in capture_and_read_nick
    log_message(f"Error en PaddleOCR: {e}", level='error')
NameError: name 'log_message' is not defined

During handling of the above exception, another exception occurred:

Traceback (most recent call last):
  File "C:\Users\USER\Desktop\pokerprosof\src\core\poker_analyzer.py", line 97, in analyze_table
    nick = capture_and_read_nick(hwnd, config["ocr_coords"])
  File "C:\Users\USER\Desktop\pokerprosof\src\core\ocr_engine.py", line 132, in capture_and_read_nick
    log_message(f"Error en capture_and_read_nick: {e}", level='error')
NameError: name 'log_message' is not defined

2025-05-12 11:02:40 - INFO - Iniciando PokerBot Pro...
2025-05-12 11:02:41 - INFO - Iniciando listener de clic derecho
2025-05-12 11:02:41 - INFO - Hotkey alt+q registrado correctamente
2025-05-12 11:02:41 - INFO - No hay entradas en el historial
2025-05-12 11:02:41 - INFO - Hotkey alt+q registrada correctamente
2025-05-12 11:02:41 - INFO - === PokerBot Pro iniciado correctamente ===
2025-05-12 11:02:41 - INFO - Presiona alt+q o haz clic derecho para analizar nick
2025-05-12 11:03:05 - INFO - Clic derecho detectado, buscando mesa bajo el cursor
2025-05-12 11:03:05 - INFO - Mesa encontrada: 12-May#2/4 ‚ô†Ô∏è‚ô•Ô∏è‚ô£Ô∏è‚ô¶Ô∏èüî•üá≤üáæ
2025-05-12 11:03:05 - INFO - Iniciando an√°lisis de mesa
2025-05-12 11:03:05 - INFO - Leyendo nick...
2025-05-12 11:03:06 - ERROR - Error en an√°lisis de mesa: name 'log_message' is not defined
2025-05-12 11:03:06 - ERROR - Traceback (most recent call last):
  File "C:\Users\USER\Desktop\pokerprosof\src\core\ocr_engine.py", line 102, in capture_and_read_nick
    log_message(f"Tesseract detect√≥: '{texto.strip()}'")
NameError: name 'log_message' is not defined

During handling of the above exception, another exception occurred:

Traceback (most recent call last):
  File "C:\Users\USER\Desktop\pokerprosof\src\core\ocr_engine.py", line 106, in capture_and_read_nick
    log_message(f"Error en Tesseract: {e}", level='error')
NameError: name 'log_message' is not defined

During handling of the above exception, another exception occurred:

Traceback (most recent call last):
  File "C:\Users\USER\Desktop\pokerprosof\src\core\poker_analyzer.py", line 97, in analyze_table
    nick = capture_and_read_nick(hwnd, config["ocr_coords"])
  File "C:\Users\USER\Desktop\pokerprosof\src\core\ocr_engine.py", line 132, in capture_and_read_nick
    log_message(f"Error en capture_and_read_nick: {e}", level='error')
NameError: name 'log_message' is not defined

2025-05-12 11:04:02 - INFO - Clic derecho detectado, buscando mesa bajo el cursor
2025-05-12 11:04:02 - INFO - Mesa encontrada: 12-May#2/4 ‚ô†Ô∏è‚ô•Ô∏è‚ô£Ô∏è‚ô¶Ô∏èüî•üá≤üáæ
2025-05-12 11:04:02 - INFO - Iniciando an√°lisis de mesa
2025-05-12 11:04:03 - INFO - Leyendo nick...
2025-05-12 11:04:03 - ERROR - Error en an√°lisis de mesa: name 'log_message' is not defined
2025-05-12 11:04:03 - ERROR - Traceback (most recent call last):
  File "C:\Users\USER\Desktop\pokerprosof\src\core\ocr_engine.py", line 90, in capture_and_read_nick
    log_message(f"PaddleOCR detect√≥: '{text}' (confianza: {confidence:.2f})")
NameError: name 'log_message' is not defined

During handling of the above exception, another exception occurred:

Traceback (most recent call last):
  File "C:\Users\USER\Desktop\pokerprosof\src\core\ocr_engine.py", line 92, in capture_and_read_nick
    log_message(f"Error en PaddleOCR: {e}", level='error')
NameError: name 'log_message' is not defined

During handling of the above exception, another exception occurred:

Traceback (most recent call last):
  File "C:\Users\USER\Desktop\pokerprosof\src\core\poker_analyzer.py", line 97, in analyze_table
    nick = capture_and_read_nick(hwnd, config["ocr_coords"])
  File "C:\Users\USER\Desktop\pokerprosof\src\core\ocr_engine.py", line 132, in capture_and_read_nick
    log_message(f"Error en capture_and_read_nick: {e}", level='error')
NameError: name 'log_message' is not defined

2025-05-12 11:04:38 - INFO - Clic derecho detectado, buscando mesa bajo el cursor
2025-05-12 11:04:38 - INFO - Mesa encontrada: 12-May#2/4 ‚ô†Ô∏è‚ô•Ô∏è‚ô£Ô∏è‚ô¶Ô∏èüî•üá≤üáæ
2025-05-12 11:04:38 - INFO - Iniciando an√°lisis de mesa
2025-05-12 11:04:39 - INFO - Leyendo nick...
2025-05-12 11:04:39 - ERROR - Error en an√°lisis de mesa: name 'log_message' is not defined
2025-05-12 11:04:39 - ERROR - Traceback (most recent call last):
  File "C:\Users\USER\Desktop\pokerprosof\src\core\ocr_engine.py", line 82, in capture_and_read_nick
    result = ocr.ocr(img_np, cls=True)
  File "C:\Users\USER\AppData\Local\Programs\Python\Python310\lib\site-packages\paddleocr\paddleocr.py", line 766, in ocr
    dt_boxes, rec_res, _ = self.__call__(img, cls, slice)
  File "C:\Users\USER\AppData\Local\Programs\Python\Python310\lib\site-packages\paddleocr\tools\infer\predict_system.py", line 109, in __call__
    dt_boxes, elapse = self.text_detector(img)
  File "C:\Users\USER\AppData\Local\Programs\Python\Python310\lib\site-packages\paddleocr\tools\infer\predict_det.py", line 396, in __call__
    dt_boxes, elapse = self.predict(img)
  File "C:\Users\USER\AppData\Local\Programs\Python\Python310\lib\site-packages\paddleocr\tools\infer\predict_det.py", line 255, in predict
    self.predictor.run()
RuntimeError: could not execute a primitive

During handling of the above exception, another exception occurred:

Traceback (most recent call last):
  File "C:\Users\USER\Desktop\pokerprosof\src\core\ocr_engine.py", line 92, in capture_and_read_nick
    log_message(f"Error en PaddleOCR: {e}", level='error')
NameError: name 'log_message' is not defined

During handling of the above exception, another exception occurred:

Traceback (most recent call last):
  File "C:\Users\USER\Desktop\pokerprosof\src\core\poker_analyzer.py", line 97, in analyze_table
    nick = capture_and_read_nick(hwnd, config["ocr_coords"])
  File "C:\Users\USER\Desktop\pokerprosof\src\core\ocr_engine.py", line 132, in capture_and_read_nick
    log_message(f"Error en capture_and_read_nick: {e}", level='error')
NameError: name 'log_message' is not defined

2025-05-12 11:05:55 - INFO - Clic derecho detectado, buscando mesa bajo el cursor
2025-05-12 11:05:55 - INFO - Mesa encontrada: 2/4 ‚ô†Ô∏è‚ô•Ô∏è‚ô£Ô∏è‚ô¶Ô∏èüî•üá≤üáæ
2025-05-12 11:05:55 - INFO - Iniciando an√°lisis de mesa
2025-05-12 11:05:55 - INFO - Leyendo nick...
2025-05-12 11:05:55 - ERROR - Error en an√°lisis de mesa: name 'log_message' is not defined
2025-05-12 11:05:55 - ERROR - Traceback (most recent call last):
  File "C:\Users\USER\Desktop\pokerprosof\src\core\ocr_engine.py", line 102, in capture_and_read_nick
    log_message(f"Tesseract detect√≥: '{texto.strip()}'")
NameError: name 'log_message' is not defined

During handling of the above exception, another exception occurred:

Traceback (most recent call last):
  File "C:\Users\USER\Desktop\pokerprosof\src\core\ocr_engine.py", line 106, in capture_and_read_nick
    log_message(f"Error en Tesseract: {e}", level='error')
NameError: name 'log_message' is not defined

During handling of the above exception, another exception occurred:

Traceback (most recent call last):
  File "C:\Users\USER\Desktop\pokerprosof\src\core\poker_analyzer.py", line 97, in analyze_table
    nick = capture_and_read_nick(hwnd, config["ocr_coords"])
  File "C:\Users\USER\Desktop\pokerprosof\src\core\ocr_engine.py", line 132, in capture_and_read_nick
    log_message(f"Error en capture_and_read_nick: {e}", level='error')
NameError: name 'log_message' is not defined

2025-05-12 11:06:07 - INFO - Clic derecho detectado, buscando mesa bajo el cursor
2025-05-12 11:06:07 - INFO - Mesa encontrada: 2/4 ‚ô†Ô∏è‚ô•Ô∏è‚ô£Ô∏è‚ô¶Ô∏èüî•üá≤üáæ
2025-05-12 11:06:07 - INFO - Iniciando an√°lisis de mesa
2025-05-12 11:06:07 - INFO - Leyendo nick...
2025-05-12 11:06:07 - ERROR - Error en an√°lisis de mesa: name 'log_message' is not defined
2025-05-12 11:06:07 - ERROR - Traceback (most recent call last):
  File "C:\Users\USER\Desktop\pokerprosof\src\core\ocr_engine.py", line 90, in capture_and_read_nick
    log_message(f"PaddleOCR detect√≥: '{text}' (confianza: {confidence:.2f})")
NameError: name 'log_message' is not defined

During handling of the above exception, another exception occurred:

Traceback (most recent call last):
  File "C:\Users\USER\Desktop\pokerprosof\src\core\ocr_engine.py", line 92, in capture_and_read_nick
    log_message(f"Error en PaddleOCR: {e}", level='error')
NameError: name 'log_message' is not defined

During handling of the above exception, another exception occurred:

Traceback (most recent call last):
  File "C:\Users\USER\Desktop\pokerprosof\src\core\poker_analyzer.py", line 97, in analyze_table
    nick = capture_and_read_nick(hwnd, config["ocr_coords"])
  File "C:\Users\USER\Desktop\pokerprosof\src\core\ocr_engine.py", line 132, in capture_and_read_nick
    log_message(f"Error en capture_and_read_nick: {e}", level='error')
NameError: name 'log_message' is not defined

2025-05-12 11:06:22 - INFO - Clic derecho detectado, buscando mesa bajo el cursor
2025-05-12 11:06:22 - INFO - Mesa encontrada: 2/4 ‚ô†Ô∏è‚ô•Ô∏è‚ô£Ô∏è‚ô¶Ô∏èüî•üá≤üáæ
2025-05-12 11:06:22 - INFO - Iniciando an√°lisis de mesa
2025-05-12 11:06:22 - INFO - Leyendo nick...
2025-05-12 11:06:22 - ERROR - Error en an√°lisis de mesa: name 'log_message' is not defined
2025-05-12 11:06:22 - ERROR - Traceback (most recent call last):
  File "C:\Users\USER\Desktop\pokerprosof\src\core\ocr_engine.py", line 82, in capture_and_read_nick
    result = ocr.ocr(img_np, cls=True)
  File "C:\Users\USER\AppData\Local\Programs\Python\Python310\lib\site-packages\paddleocr\paddleocr.py", line 766, in ocr
    dt_boxes, rec_res, _ = self.__call__(img, cls, slice)
  File "C:\Users\USER\AppData\Local\Programs\Python\Python310\lib\site-packages\paddleocr\tools\infer\predict_system.py", line 109, in __call__
    dt_boxes, elapse = self.text_detector(img)
  File "C:\Users\USER\AppData\Local\Programs\Python\Python310\lib\site-packages\paddleocr\tools\infer\predict_det.py", line 396, in __call__
    dt_boxes, elapse = self.predict(img)
  File "C:\Users\USER\AppData\Local\Programs\Python\Python310\lib\site-packages\paddleocr\tools\infer\predict_det.py", line 255, in predict
    self.predictor.run()
RuntimeError: could not execute a primitive

During handling of the above exception, another exception occurred:

Traceback (most recent call last):
  File "C:\Users\USER\Desktop\pokerprosof\src\core\ocr_engine.py", line 92, in capture_and_read_nick
    log_message(f"Error en PaddleOCR: {e}", level='error')
NameError: name 'log_message' is not defined

During handling of the above exception, another exception occurred:

Traceback (most recent call last):
  File "C:\Users\USER\Desktop\pokerprosof\src\core\poker_analyzer.py", line 97, in analyze_table
    nick = capture_and_read_nick(hwnd, config["ocr_coords"])
  File "C:\Users\USER\Desktop\pokerprosof\src\core\ocr_engine.py", line 132, in capture_and_read_nick
    log_message(f"Error en capture_and_read_nick: {e}", level='error')
NameError: name 'log_message' is not defined

2025-05-12 11:06:34 - INFO - Clic derecho detectado, buscando mesa bajo el cursor
2025-05-12 11:06:34 - INFO - Mesa encontrada: 2/4 ‚ô†Ô∏è‚ô•Ô∏è‚ô£Ô∏è‚ô¶Ô∏èüî•üá≤üáæ
2025-05-12 11:06:34 - INFO - Iniciando an√°lisis de mesa
2025-05-12 11:06:34 - INFO - Leyendo nick...
2025-05-12 11:06:35 - ERROR - Error en an√°lisis de mesa: name 'log_message' is not defined
2025-05-12 11:06:35 - ERROR - Traceback (most recent call last):
  File "C:\Users\USER\Desktop\pokerprosof\src\core\ocr_engine.py", line 90, in capture_and_read_nick
    log_message(f"PaddleOCR detect√≥: '{text}' (confianza: {confidence:.2f})")
NameError: name 'log_message' is not defined

During handling of the above exception, another exception occurred:

Traceback (most recent call last):
  File "C:\Users\USER\Desktop\pokerprosof\src\core\ocr_engine.py", line 92, in capture_and_read_nick
    log_message(f"Error en PaddleOCR: {e}", level='error')
NameError: name 'log_message' is not defined

During handling of the above exception, another exception occurred:

Traceback (most recent call last):
  File "C:\Users\USER\Desktop\pokerprosof\src\core\poker_analyzer.py", line 97, in analyze_table
    nick = capture_and_read_nick(hwnd, config["ocr_coords"])
  File "C:\Users\USER\Desktop\pokerprosof\src\core\ocr_engine.py", line 132, in capture_and_read_nick
    log_message(f"Error en capture_and_read_nick: {e}", level='error')
NameError: name 'log_message' is not defined

2025-05-12 11:06:48 - INFO - Clic derecho detectado, buscando mesa bajo el cursor
2025-05-12 11:06:48 - INFO - Mesa encontrada: 2/4 ‚ô†Ô∏è‚ô•Ô∏è‚ô£Ô∏è‚ô¶Ô∏èüî•üá≤üáæ
2025-05-12 11:06:48 - INFO - Iniciando an√°lisis de mesa
2025-05-12 11:06:48 - INFO - Leyendo nick...
2025-05-12 11:06:48 - ERROR - Error en an√°lisis de mesa: name 'log_message' is not defined
2025-05-12 11:06:48 - ERROR - Traceback (most recent call last):
  File "C:\Users\USER\Desktop\pokerprosof\src\core\ocr_engine.py", line 82, in capture_and_read_nick
    result = ocr.ocr(img_np, cls=True)
  File "C:\Users\USER\AppData\Local\Programs\Python\Python310\lib\site-packages\paddleocr\paddleocr.py", line 766, in ocr
    dt_boxes, rec_res, _ = self.__call__(img, cls, slice)
  File "C:\Users\USER\AppData\Local\Programs\Python\Python310\lib\site-packages\paddleocr\tools\infer\predict_system.py", line 109, in __call__
    dt_boxes, elapse = self.text_detector(img)
  File "C:\Users\USER\AppData\Local\Programs\Python\Python310\lib\site-packages\paddleocr\tools\infer\predict_det.py", line 396, in __call__
    dt_boxes, elapse = self.predict(img)
  File "C:\Users\USER\AppData\Local\Programs\Python\Python310\lib\site-packages\paddleocr\tools\infer\predict_det.py", line 255, in predict
    self.predictor.run()
RuntimeError: could not execute a primitive

During handling of the above exception, another exception occurred:

Traceback (most recent call last):
  File "C:\Users\USER\Desktop\pokerprosof\src\core\ocr_engine.py", line 92, in capture_and_read_nick
    log_message(f"Error en PaddleOCR: {e}", level='error')
NameError: name 'log_message' is not defined

During handling of the above exception, another exception occurred:

Traceback (most recent call last):
  File "C:\Users\USER\Desktop\pokerprosof\src\core\poker_analyzer.py", line 97, in analyze_table
    nick = capture_and_read_nick(hwnd, config["ocr_coords"])
  File "C:\Users\USER\Desktop\pokerprosof\src\core\ocr_engine.py", line 132, in capture_and_read_nick
    log_message(f"Error en capture_and_read_nick: {e}", level='error')
NameError: name 'log_message' is not defined

2025-05-12 11:06:52 - INFO - Clic derecho detectado, buscando mesa bajo el cursor
2025-05-12 11:06:52 - INFO - Mesa encontrada: 2/4 ‚ô†Ô∏è‚ô•Ô∏è‚ô£Ô∏è‚ô¶Ô∏èüî•üá≤üáæ
2025-05-12 11:06:52 - INFO - Iniciando an√°lisis de mesa
2025-05-12 11:06:53 - INFO - Leyendo nick...
2025-05-12 11:06:53 - ERROR - Error en an√°lisis de mesa: name 'log_message' is not defined
2025-05-12 11:06:53 - ERROR - Traceback (most recent call last):
  File "C:\Users\USER\Desktop\pokerprosof\src\core\ocr_engine.py", line 90, in capture_and_read_nick
    log_message(f"PaddleOCR detect√≥: '{text}' (confianza: {confidence:.2f})")
NameError: name 'log_message' is not defined

During handling of the above exception, another exception occurred:

Traceback (most recent call last):
  File "C:\Users\USER\Desktop\pokerprosof\src\core\ocr_engine.py", line 92, in capture_and_read_nick
    log_message(f"Error en PaddleOCR: {e}", level='error')
NameError: name 'log_message' is not defined

During handling of the above exception, another exception occurred:

Traceback (most recent call last):
  File "C:\Users\USER\Desktop\pokerprosof\src\core\poker_analyzer.py", line 97, in analyze_table
    nick = capture_and_read_nick(hwnd, config["ocr_coords"])
  File "C:\Users\USER\Desktop\pokerprosof\src\core\ocr_engine.py", line 132, in capture_and_read_nick
    log_message(f"Error en capture_and_read_nick: {e}", level='error')
NameError: name 'log_message' is not defined

2025-05-12 11:10:32 - INFO - Iniciando PokerBot Pro...
2025-05-12 11:10:33 - INFO - OCR pre-inicializado correctamente con prueba de caracteres asi√°ticos
2025-05-12 11:10:33 - INFO - Iniciando listener de clic derecho
2025-05-12 11:10:34 - INFO - Hotkey alt+q registrado correctamente
2025-05-12 11:10:34 - INFO - No hay entradas en el historial
2025-05-12 11:10:34 - INFO - Hotkey alt+q registrada correctamente
2025-05-12 11:10:34 - INFO - === PokerBot Pro iniciado correctamente ===
2025-05-12 11:10:34 - INFO - Presiona alt+q o haz clic derecho para analizar nick
2025-05-12 11:10:41 - INFO - Clic derecho detectado, buscando mesa bajo el cursor
2025-05-12 11:10:41 - INFO - Mesa encontrada: 2/4 ‚ô†Ô∏è‚ô•Ô∏è‚ô£Ô∏è‚ô¶Ô∏èüî•üá≤üáæ
2025-05-12 11:10:41 - INFO - Iniciando an√°lisis de mesa
2025-05-12 11:10:41 - INFO - Leyendo nick...
2025-05-12 11:10:42 - INFO - PaddleOCR detect√≥: 'BRAYDON' (confianza: 1.00)
2025-05-12 11:10:42 - INFO - Nick final: 'BRAYDON'
2025-05-12 11:10:42 - ERROR - Error en an√°lisis de mesa: local variable 'win32gui' referenced before assignment
2025-05-12 11:10:42 - ERROR - Traceback (most recent call last):
  File "C:\Users\USER\Desktop\pokerprosof\src\core\poker_analyzer.py", line 110, in analyze_table
    left, top, _, _ = win32gui.GetWindowRect(hwnd)
UnboundLocalError: local variable 'win32gui' referenced before assignment

2025-05-12 11:13:23 - INFO - Iniciando PokerBot Pro...
2025-05-12 11:13:24 - INFO - OCR pre-inicializado correctamente con prueba de caracteres asi√°ticos
2025-05-12 11:13:24 - INFO - Iniciando listener de clic derecho
2025-05-12 11:13:24 - INFO - Hotkey alt+q registrado correctamente
2025-05-12 11:13:24 - INFO - No hay entradas en el historial
2025-05-12 11:13:24 - INFO - Hotkey alt+q registrada correctamente
2025-05-12 11:13:24 - INFO - === PokerBot Pro iniciado correctamente ===
2025-05-12 11:13:24 - INFO - Presiona alt+q o haz clic derecho para analizar nick
2025-05-12 11:13:32 - INFO - Clic derecho detectado, buscando mesa bajo el cursor
2025-05-12 11:13:32 - INFO - Mesa encontrada: 2/4 ‚ô†Ô∏è‚ô•Ô∏è‚ô£Ô∏è‚ô¶Ô∏èüî•üá≤üáæ
2025-05-12 11:13:32 - INFO - Iniciando an√°lisis de mesa
2025-05-12 11:13:32 - INFO - Leyendo nick...
2025-05-12 11:13:32 - INFO - PaddleOCR detect√≥: 'Godford' (confianza: 1.00)
2025-05-12 11:13:32 - INFO - Nick final: 'Godford'
2025-05-12 11:13:32 - INFO - Nick detectado: 'Godford'
2025-05-12 11:13:35 - INFO - Stats: VPIP:26 PFR:13 3B:4 F3B:49 WTSD:23 WSD:54 CB:51/37
2025-05-12 11:13:35 - INFO - An√°lisis: üéØ Informe sobre Godford:

1Ô∏è‚É£ Estilo de juego: Pasivo preflop, agresivo postflop.

2Ô∏è‚ÉÉ Errores explo...
2025-05-12 11:13:35 - INFO - Texto pegado en ventana de poker
2025-05-12 11:13:35 - INFO - Historial guardado: 1 entradas
2025-05-12 11:13:35 - INFO - An√°lisis completado con √©xito
2025-05-12 11:15:44 - INFO - Clic derecho detectado, buscando mesa bajo el cursor
2025-05-12 11:15:44 - WARNING - No se encontr√≥ una mesa bajo el cursor
2025-05-12 11:44:23 - INFO - Iniciando PokerBot Pro...
2025-05-12 11:44:24 - INFO - OCR pre-inicializado correctamente con prueba de caracteres asi√°ticos
2025-05-12 11:44:24 - INFO - Iniciando listener de clic derecho
2025-05-12 11:44:24 - INFO - Hotkey alt+q registrado correctamente
2025-05-12 11:44:24 - INFO - Hotkey alt+q registrada correctamente
2025-05-12 11:44:24 - INFO - === PokerBot Pro iniciado correctamente ===
2025-05-12 11:44:24 - INFO - Presiona alt+q o haz clic derecho para analizar nick
2025-05-12 11:44:47 - INFO - Clic derecho detectado, buscando mesa bajo el cursor
2025-05-12 11:44:47 - INFO - Mesa encontrada: 2/4 ‚ô†Ô∏è‚ô•Ô∏è‚ô£Ô∏è‚ô¶Ô∏èüî•üá≤üáæ
2025-05-12 11:44:47 - INFO - Iniciando an√°lisis de mesa
2025-05-12 11:44:47 - INFO - Leyendo nick...
2025-05-12 11:44:47 - INFO - PaddleOCR detect√≥: 'Saitama' (confianza: 0.99)
2025-05-12 11:44:47 - INFO - Nick final: 'Saitama'
2025-05-12 11:44:47 - INFO - Nick detectado: 'Saitama'
2025-05-12 11:44:50 - INFO - Stats: VPIP:27 PFR:15 3B:7 F3B:48 WTSD:28 WSD:47 CB:61/44
2025-05-12 11:44:50 - INFO - An√°lisis: üéØ Informe sobre Saitama:

1Ô∏è‚É£ Estilo de juego: Pasivo preflop con agresi√≥n inconsistente postflop.

...
2025-05-12 11:44:51 - INFO - Texto pegado en ventana de poker
2025-05-12 11:44:51 - INFO - Historial guardado: 2 entradas
2025-05-12 11:44:51 - INFO - An√°lisis completado con √©xito
2025-05-12 11:46:02 - INFO - === PokerBot Pro iniciado correctamente ===
2025-05-12 11:46:02 - INFO - Presiona alt+q o haz clic derecho para analizar nick
2025-05-12 11:46:02 - INFO - Cerrando aplicaci√≥n...
2025-05-12 11:46:02 - INFO - Deteniendo listener de clic derecho
2025-05-12 11:46:02 - INFO - Aplicaci√≥n cerrada correctamente
2025-05-12 11:46:17 - INFO - Iniciando PokerBot Pro...
2025-05-12 11:46:18 - INFO - OCR pre-inicializado correctamente con prueba de caracteres asi√°ticos
2025-05-12 11:46:18 - INFO - Iniciando listener de clic derecho
2025-05-12 11:46:18 - INFO - Hotkey alt+q registrado correctamente
2025-05-12 11:46:18 - INFO - Hotkey alt+q registrada correctamente
2025-05-12 11:46:18 - INFO - === PokerBot Pro iniciado correctamente ===
2025-05-12 11:46:18 - INFO - Presiona alt+q o haz clic derecho para analizar nick
2025-05-12 11:46:35 - INFO - Clic derecho detectado, buscando mesa bajo el cursor
2025-05-12 11:46:35 - INFO - Mesa encontrada: 2/4 ‚ô†Ô∏è‚ô•Ô∏è‚ô£Ô∏è‚ô¶Ô∏èüî•üá≤üáæ
2025-05-12 11:46:35 - INFO - Iniciando an√°lisis de mesa
2025-05-12 11:46:35 - INFO - Leyendo nick...
2025-05-12 11:46:35 - INFO - PaddleOCR detect√≥: 'MyVPIPisurlQ' (confianza: 0.97)
2025-05-12 11:46:35 - INFO - Nick final: 'MyVPIPisurlQ'
2025-05-12 11:46:36 - INFO - Nick detectado: 'MyVPIPisurlQ'
2025-05-12 11:46:36 - ERROR - Error al obtener/analizar stats: Error al obtener stats: C√≥digo 404, {"message":"Jugador 'MyVPIPisurlQ' no encontrado en la sala 'XPK'."}
2025-05-12 11:46:47 - INFO - Clic derecho detectado, buscando mesa bajo el cursor
2025-05-12 11:46:47 - INFO - Mesa encontrada: 2/4 ‚ô†Ô∏è‚ô•Ô∏è‚ô£Ô∏è‚ô¶Ô∏èüî•üá≤üáæ
2025-05-12 11:46:47 - INFO - Iniciando an√°lisis de mesa
2025-05-12 11:46:47 - INFO - Leyendo nick...
2025-05-12 11:46:47 - ERROR - Error en PaddleOCR: could not execute a primitive
2025-05-12 11:46:49 - INFO - Tesseract detect√≥: 'joe8996'
2025-05-12 11:46:49 - INFO - Nick final: 'joe8996'
2025-05-12 11:46:49 - INFO - Nick detectado: 'joe8996'
2025-05-12 11:46:50 - ERROR - Error al obtener/analizar stats: Error al obtener stats: C√≥digo 404, {"message":"Jugador 'joe8996' no encontrado en la sala 'XPK'."}
2025-05-12 11:47:02 - INFO - Clic derecho detectado, buscando mesa bajo el cursor
2025-05-12 11:47:02 - INFO - Mesa encontrada: 2/4 ‚ô†Ô∏è‚ô•Ô∏è‚ô£Ô∏è‚ô¶Ô∏èüî•üá≤üáæ
2025-05-12 11:47:02 - INFO - Iniciando an√°lisis de mesa
2025-05-12 11:47:02 - INFO - Leyendo nick...
2025-05-12 11:47:02 - INFO - PaddleOCR detect√≥: 'Godford' (confianza: 1.00)
2025-05-12 11:47:02 - INFO - Nick final: 'Godford'
2025-05-12 11:47:02 - INFO - Nick detectado: 'Godford'
2025-05-12 11:47:04 - INFO - Stats: VPIP:26 PFR:13 3B:4 F3B:49 WTSD:23 WSD:54 CB:51/37
2025-05-12 11:47:04 - INFO - An√°lisis: üéØ Informe sobre Godford:

1Ô∏è‚É£ Estilo de juego: Pasivo preflop con agresi√≥n inconsistente postflop.

...
2025-05-12 11:47:05 - INFO - Texto pegado en ventana de poker
2025-05-12 11:47:05 - INFO - Historial guardado: 3 entradas
2025-05-12 11:47:05 - INFO - An√°lisis completado con √©xito
2025-05-12 12:12:05 - INFO - Iniciando PokerBot Pro...
2025-05-12 12:12:06 - INFO - OCR pre-inicializado correctamente con prueba de caracteres asi√°ticos
2025-05-12 12:12:06 - INFO - Iniciando listener de clic derecho
2025-05-12 12:12:06 - INFO - Hotkey alt+q registrado correctamente
2025-05-12 12:12:07 - INFO - Actualizando treeview con 3 entradas de historial
2025-05-12 12:12:07 - INFO - Se mostraron 3 entradas en el historial
2025-05-12 12:12:07 - INFO - Hotkey alt+q registrada correctamente
2025-05-12 12:12:07 - INFO - === PokerBot Pro iniciado correctamente ===
2025-05-12 12:12:07 - INFO - Presiona alt+q o haz clic derecho para analizar nick
2025-05-12 12:12:19 - INFO - Clic derecho detectado, buscando mesa bajo el cursor
2025-05-12 12:12:19 - INFO - Mesa encontrada: 2/4 ‚ô†Ô∏è‚ô•Ô∏è‚ô£Ô∏è‚ô¶Ô∏èüî•üá≤üáæ
2025-05-12 12:12:19 - INFO - Iniciando an√°lisis de mesa
2025-05-12 12:12:19 - INFO - Leyendo nick...
2025-05-12 12:12:20 - INFO - PaddleOCR detect√≥: 'Sb1111' (confianza: 1.00)
2025-05-12 12:12:20 - INFO - Nick final: 'Sb1111'
2025-05-12 12:12:20 - INFO - Nick detectado: 'Sb1111'
2025-05-12 12:12:20 - INFO - Stats: VPIP:52 PFR:19 3B:6 F3B:47 WTSD:25 WSD:37 CB:90/42
2025-05-12 12:12:20 - INFO - An√°lisis: ‚ö†Ô∏è Error al analizar: name 'time' is not defined......
2025-05-12 12:12:21 - INFO - Texto pegado en ventana de poker
2025-05-12 12:12:21 - INFO - Historial guardado: 4 entradas
2025-05-12 12:12:21 - INFO - An√°lisis completado con √©xito
2025-05-12 12:12:21 - WARNING - No se encontr√≥ el widget de historial para actualizar
2025-05-12 12:12:56 - INFO - Clic derecho detectado, buscando mesa bajo el cursor
2025-05-12 12:12:56 - INFO - Mesa encontrada: 2/4 ‚ô†Ô∏è‚ô•Ô∏è‚ô£Ô∏è‚ô¶Ô∏èüî•üá≤üáæ
2025-05-12 12:12:56 - INFO - Iniciando an√°lisis de mesa
2025-05-12 12:12:56 - INFO - Detectado cambio de jugador en la misma ventana
2025-05-12 12:12:56 - INFO - La ventana cambi√≥, obteniendo nuevo nick...
2025-05-12 12:12:56 - INFO - Leyendo nick...
2025-05-12 12:12:56 - ERROR - Error en PaddleOCR: could not execute a primitive
2025-05-12 12:12:57 - INFO - Tesseract detect√≥: 'big whale'
2025-05-12 12:12:57 - INFO - Nick final: 'big whale'
2025-05-12 12:12:57 - INFO - Nick detectado: 'big whale'
2025-05-12 12:12:58 - INFO - Stats: VPIP:65 PFR:7 3B:2 F3B:8 WTSD:34 WSD:50 CB:64/51
2025-05-12 12:12:58 - INFO - An√°lisis: ‚ö†Ô∏è Error al analizar: name 'time' is not defined......
2025-05-12 12:12:59 - INFO - Texto pegado en ventana de poker
2025-05-12 12:12:59 - INFO - Historial guardado: 5 entradas
2025-05-12 12:12:59 - INFO - An√°lisis completado con √©xito
2025-05-12 12:12:59 - WARNING - No se encontr√≥ el widget de historial para actualizar
2025-05-12 12:14:25 - INFO - Iniciando PokerBot Pro...
2025-05-12 12:14:26 - INFO - OCR pre-inicializado correctamente con prueba de caracteres asi√°ticos
2025-05-12 12:14:26 - INFO - Iniciando listener de clic derecho
2025-05-12 12:14:26 - INFO - Hotkey alt+q registrado correctamente
2025-05-12 12:14:26 - INFO - Actualizando treeview con 5 entradas de historial
2025-05-12 12:14:26 - INFO - Se mostraron 5 entradas en el historial
2025-05-12 12:14:26 - INFO - Hotkey alt+q registrada correctamente
2025-05-12 12:14:26 - INFO - === PokerBot Pro iniciado correctamente ===
2025-05-12 12:14:26 - INFO - Presiona alt+q o haz clic derecho para analizar nick
2025-05-12 12:14:34 - INFO - Clic derecho detectado, buscando mesa bajo el cursor
2025-05-12 12:14:34 - INFO - Mesa encontrada: 2/4 ‚ô†Ô∏è‚ô•Ô∏è‚ô£Ô∏è‚ô¶Ô∏èüî•üá≤üáæ
2025-05-12 12:14:34 - INFO - Iniciando an√°lisis de mesa
2025-05-12 12:14:34 - INFO - Leyendo nick...
2025-05-12 12:14:34 - INFO - PaddleOCR detect√≥: 'big whale' (confianza: 0.99)
2025-05-12 12:14:34 - INFO - Nick final: 'big whale'
2025-05-12 12:14:34 - INFO - Nick detectado: 'big whale'
2025-05-12 12:14:37 - INFO - Stats: VPIP:65 PFR:7 3B:2 F3B:8 WTSD:34 WSD:50 CB:64/51
2025-05-12 12:14:37 - INFO - An√°lisis: üéØ Informe sobre big whale:

1Ô∏è‚É£ Estilo de juego: Muy pasivo, jugando muchas manos pero sin agresi√≥n ...
2025-05-12 12:14:37 - INFO - Texto pegado en ventana de poker
2025-05-12 12:14:37 - INFO - Historial guardado: 6 entradas
2025-05-12 12:14:37 - INFO - An√°lisis completado con √©xito
2025-05-12 12:14:37 - WARNING - No se encontr√≥ el widget de historial para actualizar
2025-05-12 12:14:54 - INFO - Historial guardado: 0 entradas
2025-05-12 12:14:54 - INFO - Historial limpiado completamente
2025-05-12 12:14:54 - INFO - No hay entradas en el historial
2025-05-12 12:14:57 - INFO - Clic derecho detectado, buscando mesa bajo el cursor
2025-05-12 12:14:57 - INFO - Mesa encontrada: 2/4 ‚ô†Ô∏è‚ô•Ô∏è‚ô£Ô∏è‚ô¶Ô∏èüî•üá≤üáæ
2025-05-12 12:14:57 - INFO - Iniciando an√°lisis de mesa
2025-05-12 12:14:57 - INFO - Nick recuperado de cach√©: 'big whale'
2025-05-12 12:14:59 - INFO - Stats: VPIP:65 PFR:7 3B:2 F3B:8 WTSD:34 WSD:50 CB:64/51
2025-05-12 12:14:59 - INFO - An√°lisis: üéØ Informe sobre big whale:

1Ô∏è‚É£ Estilo de juego: 
Muy pasivo con VPIP alto y PFR bajo, se frena en t...
2025-05-12 12:14:59 - INFO - Texto pegado en ventana de poker
2025-05-12 12:14:59 - INFO - Historial guardado: 1 entradas
2025-05-12 12:14:59 - INFO - An√°lisis completado con √©xito
2025-05-12 12:14:59 - WARNING - No se encontr√≥ el widget de historial para actualizar
2025-05-12 12:15:57 - INFO - Iniciando PokerBot Pro...
2025-05-12 12:15:58 - INFO - OCR pre-inicializado correctamente con prueba de caracteres asi√°ticos
2025-05-12 12:15:58 - INFO - Iniciando listener de clic derecho
2025-05-12 12:15:59 - INFO - Hotkey alt+q registrado correctamente
2025-05-12 12:15:59 - INFO - Actualizando treeview con 1 entradas de historial
2025-05-12 12:15:59 - INFO - Se mostraron 1 entradas en el historial
2025-05-12 12:15:59 - INFO - Hotkey alt+q registrada correctamente
2025-05-12 12:15:59 - INFO - === PokerBot Pro iniciado correctamente ===
2025-05-12 12:15:59 - INFO - Presiona alt+q o haz clic derecho para analizar nick
2025-05-12 12:16:12 - INFO - Clic derecho detectado, buscando mesa bajo el cursor
2025-05-12 12:16:12 - INFO - Mesa encontrada: 2/4 ‚ô†Ô∏è‚ô•Ô∏è‚ô£Ô∏è‚ô¶Ô∏èüî•üá≤üáæ
2025-05-12 12:16:12 - INFO - Iniciando an√°lisis de mesa
2025-05-12 12:16:12 - INFO - Leyendo nick...
2025-05-12 12:16:12 - INFO - PaddleOCR detect√≥: 'Sb1111' (confianza: 1.00)
2025-05-12 12:16:12 - INFO - Nick final: 'Sb1111'
2025-05-12 12:16:12 - INFO - Nick detectado: 'Sb1111'
2025-05-12 12:16:14 - INFO - Stats: VPIP:52 PFR:19 3B:6 F3B:47 WTSD:25 WSD:37 CB:90/42
2025-05-12 12:16:14 - INFO - An√°lisis: üéØ Informe sobre Sb1111:

1Ô∏è‚É£ Estilo de juego: Pasivo-agresivo, jugando muchas manos pero sin mucha a...
2025-05-12 12:16:14 - INFO - Texto pegado en ventana de poker
2025-05-12 12:16:14 - INFO - Historial guardado: 2 entradas
2025-05-12 12:16:14 - INFO - An√°lisis completado con √©xito
2025-05-12 12:16:14 - WARNING - No se encontr√≥ el widget de historial para actualizar
2025-05-12 12:22:01 - INFO - Iniciando PokerBot Pro...
2025-05-12 12:22:02 - INFO - OCR pre-inicializado correctamente con prueba de caracteres asi√°ticos
2025-05-12 12:22:02 - INFO - Iniciando listener de clic derecho
2025-05-12 12:22:02 - INFO - Hotkey alt+q registrado correctamente
2025-05-12 12:22:02 - INFO - Actualizando treeview con 2 entradas de historial
2025-05-12 12:22:02 - INFO - Se mostraron 2 entradas en el historial
2025-05-12 12:22:03 - INFO - Hotkey alt+q registrada correctamente
2025-05-12 12:22:03 - INFO - === PokerBot Pro iniciado correctamente ===
2025-05-12 12:22:03 - INFO - Presiona alt+q o haz clic derecho para analizar nick
2025-05-12 12:22:16 - INFO - Clic derecho detectado, buscando mesa bajo el cursor
2025-05-12 12:22:16 - INFO - Mesa encontrada: 2/4 ‚ô†Ô∏è‚ô•Ô∏è‚ô£Ô∏è‚ô¶Ô∏èüî•üá≤üáæ
2025-05-12 12:22:16 - INFO - Iniciando an√°lisis de mesa
2025-05-12 12:22:16 - INFO - Leyendo nick...
2025-05-12 12:22:17 - INFO - PaddleOCR detect√≥: 'Sb1111' (confianza: 1.00)
2025-05-12 12:22:17 - INFO - Nick final: 'Sb1111'
2025-05-12 12:22:17 - INFO - Nick detectado: 'Sb1111'
2025-05-12 12:22:18 - INFO - Stats: VPIP:52 PFR:19 3B:6 F3B:47 WTSD:25 WSD:37 CB:90/42
2025-05-12 12:22:18 - INFO - An√°lisis: üéØ Informe sobre Sb1111:

1Ô∏è‚É£ Estilo de juego: Pasivo preflop, agresivo postflop.

2Ô∏è‚É£ Errores explot...
2025-05-12 12:22:19 - INFO - Texto pegado en ventana de poker
2025-05-12 12:22:19 - INFO - Historial guardado: 3 entradas
2025-05-12 12:22:19 - WARNING - No se pudo acceder al widget de historial
2025-05-12 12:22:19 - INFO - An√°lisis completado con √©xito
2025-05-12 12:32:28 - INFO - Iniciando PokerBot Pro...
2025-05-12 12:32:29 - INFO - OCR pre-inicializado correctamente con prueba de caracteres asi√°ticos
2025-05-12 12:32:29 - INFO - Iniciando listener de clic derecho
2025-05-12 12:32:30 - INFO - Hotkey alt+q registrado correctamente
2025-05-12 12:32:30 - INFO - Historial cargado: 3 entradas
2025-05-12 12:32:30 - INFO - Actualizando treeview con 3 entradas de historial
2025-05-12 12:32:30 - INFO - Se mostraron 3 entradas en el historial
2025-05-12 12:32:30 - INFO - Hotkey alt+q registrada correctamente
2025-05-12 12:32:30 - INFO - === PokerBot Pro iniciado correctamente ===
2025-05-12 12:32:30 - INFO - Presiona alt+q o haz clic derecho para analizar nick
2025-05-12 12:32:50 - INFO - Clic derecho detectado, buscando mesa bajo el cursor
2025-05-12 12:32:50 - INFO - Mesa encontrada: 2/4 ‚ô†Ô∏è‚ô•Ô∏è‚ô£Ô∏è‚ô¶Ô∏èüî•üá≤üáæ
2025-05-12 12:32:50 - INFO - Iniciando an√°lisis de mesa
2025-05-12 12:32:50 - INFO - Leyendo nick...
2025-05-12 12:32:50 - INFO - PaddleOCR detect√≥: 'Sb1111' (confianza: 1.00)
2025-05-12 12:32:50 - INFO - Nick final: 'Sb1111'
2025-05-12 12:32:50 - INFO - Nick detectado: 'Sb1111'
2025-05-12 12:32:51 - INFO - Stats: VPIP:52 PFR:19 3B:6 F3B:47 WTSD:25 WSD:37 CB:90/42
2025-05-12 12:32:51 - INFO - An√°lisis: ‚ö†Ô∏è Error al analizar: name 'time' is not defined......
2025-05-12 12:32:51 - INFO - Texto pegado en ventana de poker
2025-05-12 12:32:51 - INFO - Historial cargado: 3 entradas
2025-05-12 12:32:51 - INFO - Historial cargado para agregar entrada: 3 entradas existentes
2025-05-12 12:32:51 - INFO - Historial guardado: 4 entradas
2025-05-12 12:32:51 - INFO - Entrada a√±adida al historial. Nuevo total: 4 entradas
2025-05-12 12:32:51 - INFO - Actualizaci√≥n de historial UI programada
2025-05-12 12:32:51 - INFO - An√°lisis completado con √©xito
2025-05-12 12:32:51 - INFO - Historial cargado: 4 entradas
2025-05-12 12:32:51 - INFO - Actualizando treeview con 4 entradas de historial
2025-05-12 12:32:51 - INFO - Se mostraron 4 entradas en el historial
2025-05-12 12:32:51 - INFO - Historial UI actualizado correctamente
2025-05-12 12:33:31 - INFO - Iniciando PokerBot Pro...
2025-05-12 12:33:32 - INFO - OCR pre-inicializado correctamente con prueba de caracteres asi√°ticos
2025-05-12 12:33:32 - INFO - Iniciando listener de clic derecho
2025-05-12 12:33:32 - INFO - Hotkey alt+q registrado correctamente
2025-05-12 12:33:32 - INFO - Historial cargado: 4 entradas
2025-05-12 12:33:32 - INFO - Actualizando treeview con 4 entradas de historial
2025-05-12 12:33:32 - INFO - Se mostraron 4 entradas en el historial
2025-05-12 12:33:32 - INFO - Hotkey alt+q registrada correctamente
2025-05-12 12:33:32 - INFO - === PokerBot Pro iniciado correctamente ===
2025-05-12 12:33:32 - INFO - Presiona alt+q o haz clic derecho para analizar nick
2025-05-12 12:33:36 - INFO - Clic derecho detectado, buscando mesa bajo el cursor
2025-05-12 12:33:36 - INFO - Mesa encontrada: 2/4 ‚ô†Ô∏è‚ô•Ô∏è‚ô£Ô∏è‚ô¶Ô∏èüî•üá≤üáæ
2025-05-12 12:33:36 - INFO - Iniciando an√°lisis de mesa
2025-05-12 12:33:36 - INFO - Leyendo nick...
2025-05-12 12:33:36 - INFO - PaddleOCR detect√≥: 'JasonStatham' (confianza: 1.00)
2025-05-12 12:33:36 - INFO - Nick final: 'JasonStatham'
2025-05-12 12:33:36 - INFO - Nick detectado: 'JasonStatham'
2025-05-12 12:33:36 - ERROR - Error al obtener/analizar stats: Error al obtener stats: C√≥digo 404, {"message":"Jugador 'JasonStatham' no encontrado en la sala 'XPK'."}
2025-05-12 12:33:55 - INFO - Clic derecho detectado, buscando mesa bajo el cursor
2025-05-12 12:33:55 - INFO - Mesa encontrada: 2/4 ‚ô†Ô∏è‚ô•Ô∏è‚ô£Ô∏è‚ô¶Ô∏èüî•üá≤üáæ
2025-05-12 12:33:55 - INFO - Iniciando an√°lisis de mesa
2025-05-12 12:33:55 - INFO - Leyendo nick...
2025-05-12 12:33:55 - ERROR - Error en PaddleOCR: could not execute a primitive
2025-05-12 12:33:56 - INFO - Tesseract detect√≥: 'big whale'
2025-05-12 12:33:56 - INFO - Nick final: 'big whale'
2025-05-12 12:33:56 - INFO - Nick detectado: 'big whale'
2025-05-12 12:33:58 - INFO - Stats: VPIP:65 PFR:7 3B:2 F3B:8 WTSD:34 WSD:50 CB:64/51
2025-05-12 12:33:58 - INFO - An√°lisis: üéØ Informe sobre big whale:

1Ô∏è‚É£ Estilo de juego: 
Jugador muy pasivo, VPIP alto pero PFR bajo. Se fr...
2025-05-12 12:33:58 - INFO - Texto pegado en ventana de poker
2025-05-12 12:33:58 - INFO - Historial cargado: 4 entradas
2025-05-12 12:33:58 - INFO - Historial cargado para agregar entrada: 4 entradas existentes
2025-05-12 12:33:58 - INFO - Historial guardado: 5 entradas
2025-05-12 12:33:58 - INFO - Entrada a√±adida al historial. Nuevo total: 5 entradas
2025-05-12 12:33:58 - INFO - Actualizaci√≥n de historial UI programada
2025-05-12 12:33:58 - INFO - An√°lisis completado con √©xito
2025-05-12 12:33:59 - INFO - Historial cargado: 5 entradas
2025-05-12 12:33:59 - INFO - Actualizando treeview con 5 entradas de historial
2025-05-12 12:33:59 - INFO - Se mostraron 5 entradas en el historial
2025-05-12 12:33:59 - INFO - Historial UI actualizado correctamente
2025-05-12 12:34:22 - INFO - Historial cargado: 5 entradas
2025-05-12 13:05:28 - INFO - Clic derecho detectado, buscando mesa bajo el cursor
2025-05-12 13:05:28 - INFO - Mesa encontrada: 2/4 ‚ô†Ô∏è‚ô•Ô∏è‚ô£Ô∏è‚ô¶Ô∏èüî•üá≤üáæ
2025-05-12 13:05:28 - INFO - Iniciando an√°lisis de mesa
2025-05-12 13:05:28 - INFO - Leyendo nick...
2025-05-12 13:05:29 - INFO - PaddleOCR detect√≥: 'Â£πË¥∞ÁõäËÇÜÈô™Á¢å' (confianza: 0.67)
2025-05-12 13:05:29 - INFO - Nick final: 'Â£πË¥∞ÁõäËÇÜÈô™Á¢å'
2025-05-12 13:05:29 - INFO - Nick detectado: 'Â£πË¥∞ÁõäËÇÜÈô™Á¢å'
2025-05-12 13:05:29 - ERROR - Error al obtener/analizar stats: Error al obtener stats: C√≥digo 404, {"message":"Jugador 'Â£πË¥∞ÁõäËÇÜÈô™Á¢å' no encontrado en la sala 'XPK'."}
2025-05-12 13:05:39 - INFO - Clic derecho detectado, buscando mesa bajo el cursor
2025-05-12 13:05:39 - INFO - Mesa encontrada: 2/4 ‚ô†Ô∏è‚ô•Ô∏è‚ô£Ô∏è‚ô¶Ô∏èüî•üá≤üáæ
2025-05-12 13:05:39 - INFO - Iniciando an√°lisis de mesa
2025-05-12 13:05:40 - INFO - Leyendo nick...
2025-05-12 13:05:40 - ERROR - Error en PaddleOCR: could not execute a primitive
2025-05-12 13:05:40 - INFO - Tesseract detect√≥: 'Straight Flush'
2025-05-12 13:05:40 - INFO - Nick final: 'Straight Flush'
2025-05-12 13:05:40 - INFO - Nick detectado: 'Straight Flush'
2025-05-12 13:05:43 - INFO - Stats: VPIP:69 PFR:9 3B:3 F3B:50 WTSD:37 WSD:38 CB:80/50
2025-05-12 13:05:43 - INFO - An√°lisis: üéØ Informe sobre Straight Flush:

1Ô∏è‚É£ Estilo de juego: Muy loose preflop, pero pasivo postflop. 

2Ô∏è‚É£...
2025-05-12 13:05:43 - INFO - Texto pegado en ventana de poker
2025-05-12 13:05:43 - INFO - Historial cargado: 5 entradas
2025-05-12 13:05:43 - INFO - Historial cargado para agregar entrada: 5 entradas existentes
2025-05-12 13:05:43 - INFO - Historial guardado: 6 entradas
2025-05-12 13:05:43 - INFO - Entrada a√±adida al historial. Nuevo total: 6 entradas
2025-05-12 13:05:43 - INFO - Actualizaci√≥n de historial UI programada
2025-05-12 13:05:43 - INFO - An√°lisis completado con √©xito
2025-05-12 13:05:43 - INFO - Historial cargado: 6 entradas
2025-05-12 13:05:43 - INFO - Actualizando treeview con 6 entradas de historial
2025-05-12 13:05:43 - INFO - Se mostraron 6 entradas en el historial
2025-05-12 13:05:43 - INFO - Historial UI actualizado correctamente
2025-05-12 13:06:02 - INFO - Historial cargado: 6 entradas
2025-05-12 17:32:28 - INFO - Clic derecho detectado, buscando mesa bajo el cursor
2025-05-12 17:32:28 - WARNING - No se encontr√≥ una mesa bajo el cursor
2025-05-12 17:32:30 - INFO - Clic derecho detectado, buscando mesa bajo el cursor
2025-05-12 17:32:30 - INFO - Mesa encontrada: 0.5/1 üçÄüá≤üáæ‚ë†
2025-05-12 17:32:30 - INFO - Iniciando an√°lisis de mesa
2025-05-12 17:32:30 - INFO - Leyendo nick...
2025-05-12 17:32:31 - INFO - Tesseract detect√≥: '| (es'
2025-05-12 17:32:31 - INFO - Nick final: '| (es'
2025-05-12 17:32:31 - INFO - Nick detectado: '| (es'
2025-05-12 17:32:31 - ERROR - Error al obtener/analizar stats: Error al obtener stats: C√≥digo 404, {"message":"Jugador '|' no encontrado en la sala 'XPK'."}
2025-05-12 17:32:36 - INFO - Clic derecho detectado, buscando mesa bajo el cursor
2025-05-12 17:32:36 - INFO - Mesa encontrada: 0.5/1 üçÄüá≤üáæ‚ë†
2025-05-12 17:32:36 - INFO - Iniciando an√°lisis de mesa
2025-05-12 17:32:36 - INFO - Leyendo nick...
2025-05-12 17:32:36 - INFO - PaddleOCR detect√≥: 'LoliPok' (confianza: 0.99)
2025-05-12 17:32:36 - INFO - Nick final: 'LoliPok'
2025-05-12 17:32:36 - INFO - Nick detectado: 'LoliPok'
2025-05-12 17:32:36 - ERROR - Error al obtener/analizar stats: Error al obtener stats: C√≥digo 404, {"message":"Jugador 'LoliPok' no encontrado en la sala 'XPK'."}
2025-05-12 17:33:06 - INFO - Clic derecho detectado, buscando mesa bajo el cursor
2025-05-12 17:33:06 - INFO - Mesa encontrada: 0.5/1 üçÄüá≤üáæ‚ë†
2025-05-12 17:33:06 - INFO - Iniciando an√°lisis de mesa
2025-05-12 17:33:06 - INFO - Leyendo nick...
2025-05-12 17:33:06 - ERROR - Error en PaddleOCR: could not execute a primitive
2025-05-12 17:33:07 - INFO - Tesseract detect√≥: 'tiburoncin'
2025-05-12 17:33:07 - INFO - Nick final: 'tiburoncin'
2025-05-12 17:33:07 - INFO - Nick detectado: 'tiburoncin'
2025-05-12 17:33:07 - ERROR - Error al obtener/analizar stats: Error al obtener stats: C√≥digo 404, {"message":"Jugador 'tiburoncin' no encontrado en la sala 'XPK'."}
2025-05-12 17:39:31 - INFO - Iniciando PokerBot Pro...
2025-05-12 17:39:33 - INFO - OCR pre-inicializado correctamente con prueba de caracteres asi√°ticos
2025-05-12 17:39:33 - INFO - Iniciando listener de clic derecho
2025-05-12 17:39:33 - INFO - Hotkey alt+q registrado correctamente
2025-05-12 17:39:33 - INFO - Historial cargado: 6 entradas
2025-05-12 17:39:33 - INFO - Actualizando treeview con 6 entradas de historial
2025-05-12 17:39:33 - INFO - Se mostraron 6 entradas en el historial
2025-05-12 17:39:33 - INFO - Hotkey alt+q registrada correctamente
2025-05-12 17:39:33 - INFO - === PokerBot Pro iniciado correctamente ===
2025-05-12 17:39:33 - INFO - Presiona alt+q o haz clic derecho para analizar nick
2025-05-12 17:39:43 - INFO - Clic derecho detectado, buscando mesa bajo el cursor
2025-05-12 17:39:43 - INFO - Mesa encontrada: 0.5/1 üçÄüá≤üáæ‚ë†
2025-05-12 17:39:43 - INFO - Iniciando an√°lisis de mesa
2025-05-12 17:39:43 - INFO - Leyendo nick...
2025-05-12 17:39:43 - INFO - PaddleOCR detect√≥: 'Nigiri' (confianza: 0.99)
2025-05-12 17:39:43 - INFO - Nick final: 'Nigiri'
2025-05-12 17:39:43 - INFO - Nick detectado: 'Nigiri'
2025-05-12 17:39:45 - INFO - Stats: VPIP:32 PFR:24 3B:6 F3B:75 WTSD:25 WSD:42 CB:54/88
2025-05-12 17:39:45 - INFO - An√°lisis: üéØ Informe sobre Nigiri:

1Ô∏è‚É£ Estilo de juego: 
Jugador pasivo-agresivo, tiende a pagar mucho preflop...
2025-05-12 17:39:46 - INFO - Texto pegado en ventana de poker
2025-05-12 17:39:46 - INFO - Historial cargado: 6 entradas
2025-05-12 17:39:46 - INFO - Historial cargado para agregar entrada: 6 entradas existentes
2025-05-12 17:39:46 - INFO - Historial guardado: 7 entradas
2025-05-12 17:39:46 - INFO - Entrada a√±adida al historial. Nuevo total: 7 entradas
2025-05-12 17:39:46 - INFO - Actualizaci√≥n de historial UI programada
2025-05-12 17:39:46 - INFO - An√°lisis completado con √©xito
2025-05-12 17:39:46 - INFO - Historial cargado: 7 entradas
2025-05-12 17:39:46 - INFO - Actualizando treeview con 7 entradas de historial
2025-05-12 17:39:46 - INFO - Se mostraron 7 entradas en el historial
2025-05-12 17:39:46 - INFO - Historial UI actualizado correctamente
2025-05-12 17:40:48 - INFO - Clic derecho detectado, buscando mesa bajo el cursor
2025-05-12 17:40:48 - WARNING - No se encontr√≥ una mesa bajo el cursor
2025-05-12 17:40:49 - INFO - Clic derecho detectado, buscando mesa bajo el cursor
2025-05-12 17:40:49 - WARNING - No se encontr√≥ una mesa bajo el cursor
2025-05-12 18:18:33 - INFO - Iniciando PokerBot Pro...
2025-05-12 18:18:35 - INFO - OCR pre-inicializado correctamente con prueba de caracteres asi√°ticos
2025-05-12 18:18:35 - INFO - Iniciando listener de clic derecho
2025-05-12 18:18:35 - INFO - Hotkey alt+q registrado correctamente
2025-05-12 18:18:35 - WARNING - No se encontraron mesas de poker activas
2025-05-12 18:18:35 - INFO - Historial cargado: 7 entradas
2025-05-12 18:18:35 - INFO - Actualizando treeview con 7 entradas de historial
2025-05-12 18:18:35 - INFO - Se mostraron 7 entradas en el historial
2025-05-12 18:18:35 - INFO - Hotkey alt+q registrada correctamente
2025-05-12 18:18:35 - INFO - === PokerBot Pro iniciado correctamente ===
2025-05-12 18:18:35 - INFO - Presiona alt+q o haz clic derecho para analizar nick
2025-05-12 18:19:06 - INFO - Clic derecho detectado, buscando mesa bajo el cursor
2025-05-12 18:19:06 - WARNING - No se encontr√≥ una mesa bajo el cursor
2025-05-12 18:19:11 - INFO - Clic derecho detectado, buscando mesa bajo el cursor
2025-05-12 18:19:11 - INFO - Mesa encontrada: 0.5/1 üçÄüá≤üáæ‚ë†
2025-05-12 18:19:11 - INFO - Iniciando an√°lisis de mesa
2025-05-12 18:19:11 - INFO - Leyendo nick...
2025-05-12 18:19:12 - INFO - Tesseract detect√≥: '„Éº„Éº aa.'
2025-05-12 18:19:12 - INFO - Nick final: '„Éº„Éº aa.'
2025-05-12 18:19:12 - INFO - Nick detectado: '„Éº„Éº aa.'
2025-05-12 18:19:13 - ERROR - Error al obtener/analizar stats: Error al obtener stats: C√≥digo 404, {"message":"Jugador '„Éº„Éº' no encontrado en la sala 'XPK'."}
2025-05-12 18:19:19 - INFO - Clic derecho detectado, buscando mesa bajo el cursor
2025-05-12 18:19:19 - INFO - Mesa encontrada: 0.5/1 üçÄüá≤üáæ‚ë†
2025-05-12 18:19:19 - INFO - Iniciando an√°lisis de mesa
2025-05-12 18:19:19 - INFO - Leyendo nick...
2025-05-12 18:19:19 - INFO - PaddleOCR detect√≥: 'VOLKkiller' (confianza: 0.96)
2025-05-12 18:19:19 - INFO - Nick final: 'VOLKkiller'
2025-05-12 18:19:19 - INFO - Nick detectado: 'VOLKkiller'
2025-05-12 18:19:19 - ERROR - Error al obtener/analizar stats: Error al obtener stats: C√≥digo 404, {"message":"Jugador 'VOLKkiller' no encontrado en la sala 'XPK'."}
2025-05-12 18:19:22 - INFO - Clic derecho detectado, buscando mesa bajo el cursor
2025-05-12 18:19:22 - INFO - Mesa encontrada: 0.5/1 üçÄüá≤üáæ‚ë†
2025-05-12 18:19:22 - INFO - Iniciando an√°lisis de mesa
2025-05-12 18:19:23 - INFO - Leyendo nick...
2025-05-12 18:19:23 - ERROR - Error en PaddleOCR: could not execute a primitive
2025-05-12 18:19:23 - INFO - Tesseract detect√≥: 'XP1648270'
2025-05-12 18:19:23 - INFO - Nick final: 'XP1648270'
2025-05-12 18:19:23 - INFO - Nick detectado: 'XP1648270'
2025-05-12 18:19:26 - INFO - Stats: VPIP:15 PFR:12 3B:4 F3B:55 WTSD:17 WSD:55 CB:80/53
2025-05-12 18:19:26 - INFO - An√°lisis: üéØ Informe sobre XP1648270:

1Ô∏è‚É£ Estilo de juego: 
Jugador TAG con tendencia a ser pasivo postflop.

...
2025-05-12 18:19:26 - INFO - Texto pegado en ventana de poker
2025-05-12 18:19:26 - INFO - Historial cargado: 7 entradas
2025-05-12 18:19:26 - INFO - Historial cargado para agregar entrada: 7 entradas existentes
2025-05-12 18:19:26 - INFO - Historial guardado: 8 entradas
2025-05-12 18:19:26 - INFO - Entrada a√±adida al historial. Nuevo total: 8 entradas
2025-05-12 18:19:26 - INFO - Actualizaci√≥n de historial UI programada
2025-05-12 18:19:26 - INFO - An√°lisis completado con √©xito
2025-05-12 18:19:26 - INFO - Historial cargado: 8 entradas
2025-05-12 18:19:26 - INFO - Actualizando treeview con 8 entradas de historial
2025-05-12 18:19:26 - INFO - Se mostraron 8 entradas en el historial
2025-05-12 18:19:26 - INFO - Historial UI actualizado correctamente
2025-05-12 18:19:32 - INFO - Historial cargado: 8 entradas
2025-05-12 18:30:11 - INFO - Iniciando an√°lisis de mesa
2025-05-12 18:30:11 - INFO - Leyendo nick...
2025-05-12 18:30:11 - INFO - Tesseract detect√≥: 'RE'
2025-05-12 18:30:11 - INFO - Nick final: 'RE'
2025-05-12 18:30:12 - INFO - Nick detectado: 'RE'
2025-05-12 18:30:22 - ERROR - Error al obtener/analizar stats: Timeout al conectar con la API. Verifica la conexi√≥n.
2025-05-12 18:30:27 - INFO - Clic derecho detectado, buscando mesa bajo el cursor
2025-05-12 18:30:27 - INFO - Mesa encontrada: 0.5/1 üçÄüá≤üáæ‚ë†
2025-05-12 18:30:27 - INFO - Iniciando an√°lisis de mesa
2025-05-12 18:30:27 - INFO - Leyendo nick...
2025-05-12 18:30:27 - INFO - PaddleOCR detect√≥: 'LoliPok' (confianza: 0.99)
2025-05-12 18:30:27 - INFO - Nick final: 'LoliPok'
2025-05-12 18:30:27 - INFO - Nick detectado: 'LoliPok'
2025-05-12 18:30:27 - ERROR - Error al obtener/analizar stats: Error al obtener stats: C√≥digo 404, {"message":"Jugador 'LoliPok' no encontrado en la sala 'XPK'."}
2025-05-12 18:30:30 - INFO - Clic derecho detectado, buscando mesa bajo el cursor
2025-05-12 18:30:30 - INFO - Mesa encontrada: 0.5/1 üçÄüá≤üáæ‚ë†
2025-05-12 18:30:30 - INFO - Iniciando an√°lisis de mesa
2025-05-12 18:30:30 - INFO - Leyendo nick...
2025-05-12 18:30:31 - ERROR - Error en PaddleOCR: could not execute a primitive
2025-05-12 18:30:31 - INFO - Tesseract detect√≥: 'VOLKkiner'
2025-05-12 18:30:31 - INFO - Nick final: 'VOLKkiner'
2025-05-12 18:30:31 - INFO - Nick detectado: 'VOLKkiner'
2025-05-12 18:30:31 - ERROR - Error al obtener/analizar stats: Error al obtener stats: C√≥digo 404, {"message":"Jugador 'VOLKkiner' no encontrado en la sala 'XPK'."}
2025-05-12 18:30:33 - INFO - Clic derecho detectado, buscando mesa bajo el cursor
2025-05-12 18:30:33 - INFO - Mesa encontrada: 0.5/1 üçÄüá≤üáæ‚ë†
2025-05-12 18:30:33 - INFO - Iniciando an√°lisis de mesa
2025-05-12 18:30:33 - INFO - Leyendo nick...
2025-05-12 18:30:34 - INFO - PaddleOCR detect√≥: 'Z2222222' (confianza: 0.73)
2025-05-12 18:30:34 - INFO - Nick final: 'Z2222222'
2025-05-12 18:30:34 - INFO - Nick detectado: 'Z2222222'
2025-05-12 18:30:34 - ERROR - Error al obtener/analizar stats: Error al obtener stats: C√≥digo 404, {"message":"Jugador 'Z2222222' no encontrado en la sala 'XPK'."}
2025-05-12 18:30:42 - INFO - Clic derecho detectado, buscando mesa bajo el cursor
2025-05-12 18:30:42 - INFO - Mesa encontrada: 0.5/1 üçÄüá≤üáæ‚ë†
2025-05-12 18:30:42 - INFO - Iniciando an√°lisis de mesa
2025-05-12 18:30:42 - INFO - Leyendo nick...
2025-05-12 18:30:42 - ERROR - Error en PaddleOCR: could not execute a primitive
2025-05-12 18:30:43 - INFO - Tesseract detect√≥: 'Zzzzzzzz'
2025-05-12 18:30:43 - INFO - Nick final: 'Zzzzzzzz'
2025-05-12 18:30:43 - INFO - Nick detectado: 'Zzzzzzzz'
2025-05-12 18:30:44 - INFO - Stats: VPIP:23 PFR:17 3B:14 F3B:0 WTSD:20 WSD:33 CB:71/100
2025-05-12 18:30:44 - INFO - An√°lisis: üéØ Informe sobre Zzzzzzzz:

1Ô∏è‚É£ Estilo de juego: 
Pasivo preflop, agresivo postflop con tendencia a p...
2025-05-12 18:30:45 - INFO - Texto pegado en ventana de poker
2025-05-12 18:30:45 - INFO - Historial cargado: 8 entradas
2025-05-12 18:30:45 - INFO - Historial cargado para agregar entrada: 8 entradas existentes
2025-05-12 18:30:45 - INFO - Historial guardado: 9 entradas
2025-05-12 18:30:45 - INFO - Entrada a√±adida al historial. Nuevo total: 9 entradas
2025-05-12 18:30:45 - INFO - Actualizaci√≥n de historial UI programada
2025-05-12 18:30:45 - INFO - An√°lisis completado con √©xito
2025-05-12 18:30:45 - INFO - Historial cargado: 9 entradas
2025-05-12 18:30:45 - INFO - Actualizando treeview con 9 entradas de historial
2025-05-12 18:30:45 - INFO - Se mostraron 9 entradas en el historial
2025-05-12 18:30:45 - INFO - Historial UI actualizado correctamente
2025-05-12 18:30:51 - INFO - Clic derecho detectado, buscando mesa bajo el cursor
2025-05-12 18:30:51 - INFO - Mesa encontrada: 0.5/1 üçÄüá≤üáæ‚ë†
2025-05-12 18:30:51 - INFO - Iniciando an√°lisis de mesa
2025-05-12 18:30:51 - INFO - Nick recuperado de cach√©: 'Zzzzzzzz'
2025-05-12 18:30:52 - INFO - Stats: VPIP:23 PFR:17 3B:14 F3B:0 WTSD:20 WSD:33 CB:71/100
2025-05-12 18:30:52 - INFO - An√°lisis: üéØ Informe sobre Zzzzzzzz:

1Ô∏è‚É£ Estilo de juego: 
Jugador pasivo preflop, agresivo en el flop y el ri...
2025-05-12 18:30:53 - INFO - Texto pegado en ventana de poker
2025-05-12 18:30:53 - INFO - Historial cargado: 9 entradas
2025-05-12 18:30:53 - INFO - Historial cargado para agregar entrada: 9 entradas existentes
2025-05-12 18:30:53 - INFO - Historial guardado: 10 entradas
2025-05-12 18:30:53 - INFO - Entrada a√±adida al historial. Nuevo total: 10 entradas
2025-05-12 18:30:53 - INFO - Actualizaci√≥n de historial UI programada
2025-05-12 18:30:53 - INFO - An√°lisis completado con √©xito
2025-05-12 18:30:53 - INFO - Historial cargado: 10 entradas
2025-05-12 18:30:53 - INFO - Actualizando treeview con 10 entradas de historial
2025-05-12 18:30:53 - INFO - Se mostraron 10 entradas en el historial
2025-05-12 18:30:53 - INFO - Historial UI actualizado correctamente
2025-05-12 18:30:55 - INFO - Clic derecho detectado, buscando mesa bajo el cursor
2025-05-12 18:30:55 - INFO - Mesa encontrada: 0.5/1 üçÄüá≤üáæ‚ë†
2025-05-12 18:30:55 - INFO - Iniciando an√°lisis de mesa
2025-05-12 18:30:55 - INFO - Detectado cambio de jugador en la misma ventana
2025-05-12 18:30:55 - INFO - La ventana cambi√≥, obteniendo nuevo nick...
2025-05-12 18:30:55 - INFO - Leyendo nick...
2025-05-12 18:30:55 - INFO - PaddleOCR detect√≥: 'Disasters' (confianza: 1.00)
2025-05-12 18:30:55 - INFO - Nick final: 'Disasters'
2025-05-12 18:30:55 - INFO - Nick detectado: 'Disasters'
2025-05-12 18:30:57 - INFO - Stats: VPIP:43 PFR:23 3B:8 F3B:15 WTSD:28 WSD:26 CB:64/46
2025-05-12 18:30:57 - INFO - An√°lisis: üéØ Informe sobre Disasters:

1Ô∏è‚É£ Estilo de juego: Pasivo preflop, agresivo postflop a medias.

2Ô∏è‚É£ Er...
2025-05-12 18:30:57 - INFO - Texto pegado en ventana de poker
2025-05-12 18:30:57 - INFO - Historial cargado: 10 entradas
2025-05-12 18:30:57 - INFO - Historial cargado para agregar entrada: 10 entradas existentes
2025-05-12 18:30:57 - INFO - Historial guardado: 11 entradas
2025-05-12 18:30:57 - INFO - Entrada a√±adida al historial. Nuevo total: 11 entradas
2025-05-12 18:30:57 - INFO - Actualizaci√≥n de historial UI programada
2025-05-12 18:30:57 - INFO - An√°lisis completado con √©xito
2025-05-12 18:30:58 - INFO - Historial cargado: 11 entradas
2025-05-12 18:30:58 - INFO - Actualizando treeview con 11 entradas de historial
2025-05-12 18:30:58 - INFO - Se mostraron 11 entradas en el historial
2025-05-12 18:30:58 - INFO - Historial UI actualizado correctamente
2025-05-12 18:30:59 - INFO - Clic derecho detectado, buscando mesa bajo el cursor
2025-05-12 18:30:59 - INFO - Mesa encontrada: 0.5/1 üçÄüá≤üáæ‚ë†
2025-05-12 18:30:59 - INFO - Iniciando an√°lisis de mesa
2025-05-12 18:30:59 - INFO - Detectado cambio de jugador en la misma ventana
2025-05-12 18:30:59 - INFO - La ventana cambi√≥, obteniendo nuevo nick...
2025-05-12 18:30:59 - INFO - Leyendo nick...
2025-05-12 18:30:59 - ERROR - Error en PaddleOCR: could not execute a primitive
2025-05-12 18:31:00 - INFO - Tesseract detect√≥: 'tiburoncin'
2025-05-12 18:31:00 - INFO - Nick final: 'tiburoncin'
2025-05-12 18:31:00 - INFO - Nick detectado: 'tiburoncin'
2025-05-12 18:31:00 - ERROR - Error al obtener/analizar stats: Error al obtener stats: C√≥digo 404, {"message":"Jugador 'tiburoncin' no encontrado en la sala 'XPK'."}
2025-05-12 18:31:12 - INFO - Clic derecho detectado, buscando mesa bajo el cursor
2025-05-12 18:31:12 - INFO - Mesa encontrada: 0.5/1 üçÄüá≤üáæ‚ë†
2025-05-12 18:31:12 - INFO - Iniciando an√°lisis de mesa
2025-05-12 18:31:12 - INFO - Leyendo nick...
2025-05-12 18:31:12 - INFO - PaddleOCR detect√≥: 'V' (confianza: 0.78)
2025-05-12 18:31:12 - INFO - Nick final: 'V'
2025-05-12 18:31:12 - INFO - Nick detectado: 'V'
2025-05-12 18:31:21 - INFO - Stats: VPIP:35 PFR:20 3B:8 F3B:50 WTSD:31 WSD:50 CB:60/42
2025-05-12 18:31:21 - INFO - An√°lisis: ---

üéØ Informe sobre V:

1Ô∏è‚É£ Estilo de juego: Pasivo preflop, agresivo postflop. Se frena en turn.

...
2025-05-12 18:31:22 - INFO - Texto pegado en ventana de poker
2025-05-12 18:31:22 - INFO - Historial cargado: 11 entradas
2025-05-12 18:31:22 - INFO - Historial cargado para agregar entrada: 11 entradas existentes
2025-05-12 18:31:22 - INFO - Historial guardado: 12 entradas
2025-05-12 18:31:22 - INFO - Entrada a√±adida al historial. Nuevo total: 12 entradas
2025-05-12 18:31:22 - INFO - Actualizaci√≥n de historial UI programada
2025-05-12 18:31:22 - INFO - An√°lisis completado con √©xito
2025-05-12 18:31:22 - INFO - Historial cargado: 12 entradas
2025-05-12 18:31:22 - INFO - Actualizando treeview con 12 entradas de historial
2025-05-12 18:31:22 - INFO - Se mostraron 12 entradas en el historial
2025-05-12 18:31:22 - INFO - Historial UI actualizado correctamente
2025-05-12 18:31:27 - INFO - Clic derecho detectado, buscando mesa bajo el cursor
2025-05-12 18:31:27 - INFO - Mesa encontrada: 0.5/1 üçÄüá≤üáæ‚ë†
2025-05-12 18:31:27 - INFO - Iniciando an√°lisis de mesa
2025-05-12 18:31:27 - INFO - Detectado cambio de jugador en la misma ventana
2025-05-12 18:31:27 - INFO - La ventana cambi√≥, obteniendo nuevo nick...
2025-05-12 18:31:27 - INFO - Leyendo nick...
2025-05-12 18:31:27 - ERROR - Error en PaddleOCR: could not execute a primitive
2025-05-12 18:31:28 - INFO - Tesseract detect√≥: '8020--'
2025-05-12 18:31:28 - INFO - Nick final: '8020--'
2025-05-12 18:31:28 - INFO - Nick detectado: '8020--'
2025-05-12 18:31:28 - ERROR - Error al obtener/analizar stats: Error al obtener stats: C√≥digo 404, {"message":"Jugador '8020--' no encontrado en la sala 'XPK'."}
2025-05-12 18:31:32 - INFO - Clic derecho detectado, buscando mesa bajo el cursor
2025-05-12 18:31:32 - INFO - Mesa encontrada: 0.5/1 üçÄüá≤üáæ‚ë†
2025-05-12 18:31:32 - INFO - Iniciando an√°lisis de mesa
2025-05-12 18:31:32 - INFO - Leyendo nick...
2025-05-12 18:31:32 - INFO - PaddleOCR detect√≥: 'BOZO--' (confianza: 0.91)
2025-05-12 18:31:32 - INFO - Nick final: 'BOZO--'
2025-05-12 18:31:32 - INFO - Nick detectado: 'BOZO--'
2025-05-12 18:31:32 - ERROR - Error al obtener/analizar stats: Error al obtener stats: C√≥digo 404, {"message":"Jugador 'BOZO--' no encontrado en la sala 'XPK'."}
2025-05-12 18:31:37 - INFO - Clic derecho detectado, buscando mesa bajo el cursor
2025-05-12 18:31:37 - INFO - Mesa encontrada: 0.5/1 üçÄüá≤üáæ‚ë†
2025-05-12 18:31:37 - INFO - Iniciando an√°lisis de mesa
2025-05-12 18:31:37 - INFO - Leyendo nick...
2025-05-12 18:31:37 - ERROR - Error en PaddleOCR: could not execute a primitive
2025-05-12 18:31:37 - INFO - Tesseract detect√≥: 'XP3386829'
2025-05-12 18:31:37 - INFO - Nick final: 'XP3386829'
2025-05-12 18:31:38 - INFO - Nick detectado: 'XP3386829'
2025-05-12 18:31:38 - ERROR - Error al obtener/analizar stats: Error al obtener stats: C√≥digo 404, {"message":"Jugador 'XP3386829' no encontrado en la sala 'XPK'."}
2025-05-12 18:31:41 - INFO - Clic derecho detectado, buscando mesa bajo el cursor
2025-05-12 18:31:41 - INFO - Mesa encontrada: 0.5/1 üçÄüá≤üáæ‚ë†
2025-05-12 18:31:41 - INFO - Iniciando an√°lisis de mesa
2025-05-12 18:31:41 - INFO - Leyendo nick...
2025-05-12 18:31:41 - INFO - PaddleOCR detect√≥: 'VOLKkiller' (confianza: 0.96)
2025-05-12 18:31:41 - INFO - Nick final: 'VOLKkiller'
2025-05-12 18:31:41 - INFO - Nick detectado: 'VOLKkiller'
2025-05-12 18:31:41 - ERROR - Error al obtener/analizar stats: Error al obtener stats: C√≥digo 404, {"message":"Jugador 'VOLKkiller' no encontrado en la sala 'XPK'."}
2025-05-12 18:31:44 - INFO - Clic derecho detectado, buscando mesa bajo el cursor
2025-05-12 18:31:44 - INFO - Mesa encontrada: 0.5/1 üçÄüá≤üáæ‚ë†
2025-05-12 18:31:44 - INFO - Iniciando an√°lisis de mesa
2025-05-12 18:31:44 - INFO - Leyendo nick...
2025-05-12 18:31:44 - ERROR - Error en PaddleOCR: could not execute a primitive
2025-05-12 18:31:45 - INFO - Tesseract detect√≥: 'checkallin53'
2025-05-12 18:31:45 - INFO - Nick final: 'checkallin53'
2025-05-12 18:31:45 - INFO - Nick detectado: 'checkallin53'
2025-05-12 18:31:48 - INFO - Stats: VPIP:14 PFR:13 3B:5 F3B:66 WTSD:22 WSD:25 CB:71/33
2025-05-12 18:31:48 - INFO - An√°lisis: üéØ Informe sobre checkallin53:

1Ô∏è‚É£ Estilo de juego: 
Jugador pasivo con cierta agresi√≥n en el flop, ...
2025-05-12 18:31:48 - INFO - Texto pegado en ventana de poker
2025-05-12 18:31:48 - INFO - Historial cargado: 12 entradas
2025-05-12 18:31:48 - INFO - Historial cargado para agregar entrada: 12 entradas existentes
2025-05-12 18:31:48 - INFO - Historial guardado: 13 entradas
2025-05-12 18:31:48 - INFO - Entrada a√±adida al historial. Nuevo total: 13 entradas
2025-05-12 18:31:48 - INFO - Actualizaci√≥n de historial UI programada
2025-05-12 18:31:48 - INFO - An√°lisis completado con √©xito
2025-05-12 18:31:48 - INFO - Historial cargado: 13 entradas
2025-05-12 18:31:48 - INFO - Actualizando treeview con 13 entradas de historial
2025-05-12 18:31:48 - INFO - Se mostraron 13 entradas en el historial
2025-05-12 18:31:48 - INFO - Historial UI actualizado correctamente
2025-05-12 18:31:56 - INFO - Clic derecho detectado, buscando mesa bajo el cursor
2025-05-12 18:31:56 - INFO - Mesa encontrada: 12-May#1/2 üé£üêüüê†üî•üá≤üáæ‚ë†
2025-05-12 18:31:56 - INFO - Iniciando an√°lisis de mesa
2025-05-12 18:31:56 - INFO - Leyendo nick...
2025-05-12 18:31:57 - INFO - Tesseract detect√≥: '2'
2025-05-12 18:31:57 - INFO - Nick final: '2'
2025-05-12 18:31:57 - INFO - Clic derecho detectado, buscando mesa bajo el cursor
2025-05-12 18:31:57 - INFO - Mesa encontrada: 12-May#1/2 üé£üêüüê†üî•üá≤üáæ‚ë†
2025-05-12 18:31:57 - INFO - Iniciando an√°lisis de mesa
2025-05-12 18:31:57 - INFO - Nick detectado: '2'
2025-05-12 18:31:57 - INFO - Nick recuperado de cach√©: '2'
2025-05-12 18:32:04 - INFO - Clic derecho detectado, buscando mesa bajo el cursor
2025-05-12 18:32:04 - INFO - Mesa encontrada: 12-May#1/2 üé£üêüüê†üî•üá≤üáæ‚ë†
2025-05-12 18:32:04 - INFO - Iniciando an√°lisis de mesa
2025-05-12 18:32:04 - INFO - Detectado cambio de jugador en la misma ventana
2025-05-12 18:32:04 - INFO - La ventana cambi√≥, obteniendo nuevo nick...
2025-05-12 18:32:04 - INFO - Leyendo nick...
2025-05-12 18:32:05 - ERROR - Error en PaddleOCR: could not execute a primitive
2025-05-12 18:32:05 - INFO - Tesseract detect√≥: 'charo8126'
2025-05-12 18:32:05 - INFO - Nick final: 'charo8126'
2025-05-12 18:32:05 - INFO - Nick detectado: 'charo8126'
2025-05-12 18:32:05 - ERROR - Error al obtener/analizar stats: Error al obtener stats: C√≥digo 404, {"message":"Jugador 'charo8126' no encontrado en la sala 'XPK'."}
2025-05-12 18:32:07 - INFO - Stats: VPIP:27 PFR:14 3B:6 F3B:45 WTSD:24 WSD:50 CB:62/56
2025-05-12 18:32:07 - INFO - An√°lisis: üéØ Informe sobre jugador X:

1Ô∏è‚É£ Estilo de juego: Pasivo preflop, agresivo postflop.

2Ô∏è‚É£ Errores exp...
2025-05-12 18:32:08 - INFO - Texto pegado en ventana de poker
2025-05-12 18:32:08 - INFO - Historial cargado: 13 entradas
2025-05-12 18:32:08 - INFO - Historial cargado para agregar entrada: 13 entradas existentes
2025-05-12 18:32:08 - INFO - Historial guardado: 14 entradas
2025-05-12 18:32:08 - INFO - Entrada a√±adida al historial. Nuevo total: 14 entradas
2025-05-12 18:32:08 - INFO - Actualizaci√≥n de historial UI programada
2025-05-12 18:32:08 - INFO - An√°lisis completado con √©xito
2025-05-12 18:32:08 - INFO - Historial cargado: 14 entradas
2025-05-12 18:32:08 - INFO - Actualizando treeview con 14 entradas de historial
2025-05-12 18:32:08 - INFO - Se mostraron 14 entradas en el historial
2025-05-12 18:32:08 - INFO - Historial UI actualizado correctamente
2025-05-12 18:32:08 - INFO - Stats: VPIP:27 PFR:14 3B:6 F3B:45 WTSD:24 WSD:50 CB:62/56
2025-05-12 18:32:08 - INFO - An√°lisis: üéØ Informe sobre "2":

1Ô∏è‚É£ Estilo de juego: Pasivo preflop, agresivo postflop. Muestra falta de equil...
2025-05-12 18:32:09 - INFO - Texto pegado en ventana de poker
2025-05-12 18:32:09 - INFO - Historial cargado: 14 entradas
2025-05-12 18:32:09 - INFO - Historial cargado para agregar entrada: 14 entradas existentes
2025-05-12 18:32:09 - INFO - Historial guardado: 15 entradas
2025-05-12 18:32:09 - INFO - Entrada a√±adida al historial. Nuevo total: 15 entradas
2025-05-12 18:32:09 - INFO - Actualizaci√≥n de historial UI programada
2025-05-12 18:32:09 - INFO - An√°lisis completado con √©xito
2025-05-12 18:32:09 - INFO - Historial cargado: 15 entradas
2025-05-12 18:32:09 - INFO - Actualizando treeview con 15 entradas de historial
2025-05-12 18:32:09 - INFO - Se mostraron 15 entradas en el historial
2025-05-12 18:32:09 - INFO - Historial UI actualizado correctamente
2025-05-12 18:32:16 - INFO - Clic derecho detectado, buscando mesa bajo el cursor
2025-05-12 18:32:16 - INFO - Mesa encontrada: 12-May#1/2 üé£üêüüê†üî•üá≤üáæ‚ë†
2025-05-12 18:32:16 - INFO - Iniciando an√°lisis de mesa
2025-05-12 18:32:17 - INFO - Leyendo nick...
2025-05-12 18:32:17 - INFO - Tesseract detect√≥: '„Éû„ÇØ„Éâ„Éä„É´„Éâ'
2025-05-12 18:32:17 - INFO - Nick final: '„Éû„ÇØ„Éâ„Éä„É´„Éâ'
2025-05-12 18:32:18 - INFO - Nick detectado: '„Éû„ÇØ„Éâ„Éä„É´„Éâ'
2025-05-12 18:32:18 - ERROR - Error al obtener/analizar stats: Error al obtener stats: C√≥digo 404, {"message":"Jugador '„Éû„ÇØ„Éâ„Éä„É´„Éâ' no encontrado en la sala 'XPK'."}
2025-05-12 18:32:24 - INFO - Clic derecho detectado, buscando mesa bajo el cursor
2025-05-12 18:32:24 - INFO - Mesa encontrada: 12-May#1/2 üé£üêüüê†üî•üá≤üáæ‚ë†
2025-05-12 18:32:24 - INFO - Iniciando an√°lisis de mesa
2025-05-12 18:32:24 - INFO - Leyendo nick...
2025-05-12 18:32:24 - ERROR - Error en PaddleOCR: could not execute a primitive
2025-05-12 18:32:25 - INFO - Tesseract detect√≥: '‚ÄòSai Suthida'
2025-05-12 18:32:25 - INFO - Nick final: '‚ÄòSai Suthida'
2025-05-12 18:32:25 - INFO - Nick detectado: '‚ÄòSai Suthida'
2025-05-12 18:32:25 - ERROR - Error al obtener/analizar stats: Error al obtener stats: C√≥digo 404, {"message":"Jugador '‚ÄòSai' no encontrado en la sala 'XPK'."}
2025-05-12 18:33:26 - INFO - Clic derecho detectado, buscando mesa bajo el cursor
2025-05-12 18:33:26 - INFO - Mesa encontrada: 12-May#1/2 üé£üêüüê†üî•üá≤üáæ‚ë†
2025-05-12 18:33:26 - INFO - Iniciando an√°lisis de mesa
2025-05-12 18:33:27 - INFO - Leyendo nick...
2025-05-12 18:33:27 - INFO - PaddleOCR detect√≥: 'Sai Suthida' (confianza: 0.98)
2025-05-12 18:33:27 - INFO - Nick final: 'Sai Suthida'
2025-05-12 18:33:27 - INFO - Nick detectado: 'Sai Suthida'
2025-05-12 18:33:29 - INFO - Stats: VPIP:47 PFR:14 3B:4 F3B:30 WTSD:30 WSD:42 CB:60/46
2025-05-12 18:33:29 - INFO - An√°lisis: üéØ Informe sobre Sai Suthida:

1Ô∏è‚É£ Estilo de juego: 
Jugador muy pasivo con VPIP alto y PFR bajo, tie...
2025-05-12 18:33:29 - INFO - Texto pegado en ventana de poker
2025-05-12 18:33:29 - INFO - Historial cargado: 15 entradas
2025-05-12 18:33:29 - INFO - Historial cargado para agregar entrada: 15 entradas existentes
2025-05-12 18:33:29 - INFO - Historial guardado: 16 entradas
2025-05-12 18:33:29 - INFO - Entrada a√±adida al historial. Nuevo total: 16 entradas
2025-05-12 18:33:29 - INFO - Actualizaci√≥n de historial UI programada
2025-05-12 18:33:29 - INFO - An√°lisis completado con √©xito
2025-05-12 18:33:29 - INFO - Historial cargado: 16 entradas
2025-05-12 18:33:29 - INFO - Actualizando treeview con 16 entradas de historial
2025-05-12 18:33:29 - INFO - Se mostraron 16 entradas en el historial
2025-05-12 18:33:29 - INFO - Historial UI actualizado correctamente
2025-05-12 18:33:35 - INFO - Clic derecho detectado, buscando mesa bajo el cursor
2025-05-12 18:33:35 - INFO - Mesa encontrada: 12-May#1/2 üé£üêüüê†üî•üá≤üáæ‚ë†
2025-05-12 18:33:35 - INFO - Iniciando an√°lisis de mesa
2025-05-12 18:33:35 - INFO - Detectado cambio de jugador en la misma ventana
2025-05-12 18:33:35 - INFO - La ventana cambi√≥, obteniendo nuevo nick...
2025-05-12 18:33:36 - INFO - Leyendo nick...
2025-05-12 18:33:36 - ERROR - Error en PaddleOCR: could not execute a primitive
2025-05-12 18:33:36 - INFO - Tesseract detect√≥: 'charo8126'
2025-05-12 18:33:36 - INFO - Nick final: 'charo8126'
2025-05-12 18:33:36 - INFO - Nick detectado: 'charo8126'
2025-05-12 18:33:36 - ERROR - Error al obtener/analizar stats: Error al obtener stats: C√≥digo 404, {"message":"Jugador 'charo8126' no encontrado en la sala 'XPK'."}
2025-05-12 18:37:21 - INFO - Clic derecho detectado, buscando mesa bajo el cursor
2025-05-12 18:37:21 - WARNING - No se encontr√≥ una mesa bajo el cursor
2025-05-12 18:45:32 - INFO - Clic derecho detectado, buscando mesa bajo el cursor
2025-05-12 18:45:32 - WARNING - No se encontr√≥ una mesa bajo el cursor
2025-05-12 18:47:44 - INFO - Clic derecho detectado, buscando mesa bajo el cursor
2025-05-12 18:47:44 - WARNING - No se encontr√≥ una mesa bajo el cursor
2025-05-12 18:56:43 - INFO - Iniciando PokerBot Pro...
2025-05-12 18:56:45 - INFO - OCR pre-inicializado correctamente con prueba de caracteres asi√°ticos
2025-05-12 18:56:45 - INFO - Iniciando listener de clic derecho
2025-05-12 18:56:45 - INFO - Hotkey alt+q registrado correctamente
2025-05-12 18:56:45 - INFO - Historial cargado: 16 entradas
2025-05-12 18:56:45 - INFO - Actualizando treeview con 16 entradas de historial
2025-05-12 18:56:45 - INFO - Se mostraron 16 entradas en el historial
2025-05-12 18:56:45 - INFO - Hotkey alt+q registrada correctamente
2025-05-12 18:56:45 - INFO - === PokerBot Pro iniciado correctamente ===
2025-05-12 18:56:45 - INFO - Presiona alt+q o haz clic derecho para analizar nick
2025-05-12 18:57:12 - INFO - Historial cargado: 16 entradas
2025-05-12 18:57:12 - INFO - √öltimas estad√≠sticas copiadas al portapapeles
2025-05-12 18:57:24 - INFO - Clic derecho detectado, buscando mesa bajo el cursor
2025-05-12 18:57:24 - INFO - Mesa encontrada: 12-May#1/2 üé£üêüüê†üî•üá≤üáæ‚ë†
2025-05-12 18:57:24 - INFO - Iniciando an√°lisis de mesa
2025-05-12 18:57:24 - INFO - Leyendo nick...
2025-05-12 18:57:24 - INFO - PaddleOCR detect√≥: 'Sai Suthida' (confianza: 0.98)
2025-05-12 18:57:24 - INFO - Nick final: 'Sai Suthida'
2025-05-12 18:57:24 - INFO - Nick detectado: 'Sai Suthida'
2025-05-12 18:57:27 - INFO - Stats: VPIP:47 PFR:14 3B:4 F3B:30 WTSD:30 WSD:42 CF:60 CT:46 FFC:37
2025-05-12 18:57:27 - INFO - An√°lisis: üéØ Informe sobre Sai Suthida:

1Ô∏è‚É£ Estilo de juego: Pasivo preflop, agresivo postflop.

2Ô∏è‚É£ Errores e...
2025-05-12 18:57:27 - INFO - Texto pegado en ventana de poker
2025-05-12 18:57:27 - INFO - Historial cargado: 16 entradas
2025-05-12 18:57:27 - INFO - Historial cargado para agregar entrada: 16 entradas existentes
2025-05-12 18:57:27 - INFO - Historial guardado: 17 entradas
2025-05-12 18:57:27 - INFO - Entrada a√±adida al historial. Nuevo total: 17 entradas
2025-05-12 18:57:27 - INFO - Actualizaci√≥n de historial UI programada
2025-05-12 18:57:27 - INFO - An√°lisis completado con √©xito
2025-05-12 18:57:27 - INFO - Historial cargado: 17 entradas
2025-05-12 18:57:27 - INFO - Actualizando treeview con 17 entradas de historial
2025-05-12 18:57:27 - INFO - Se mostraron 17 entradas en el historial
2025-05-12 18:57:27 - INFO - Historial UI actualizado correctamente
2025-05-12 18:57:41 - INFO - Historial cargado: 17 entradas
2025-05-12 18:57:41 - INFO - √öltimo an√°lisis copiado al portapapeles
2025-05-12 18:57:47 - INFO - Historial cargado: 17 entradas
2025-05-12 18:57:47 - INFO - √öltimas estad√≠sticas copiadas al portapapeles
2025-05-12 18:57:58 - INFO - Clic derecho detectado, buscando mesa bajo el cursor
2025-05-12 18:57:58 - INFO - Mesa encontrada: 12-May#1/2 üé£üêüüê†üî•üá≤üáæ‚ë†
2025-05-12 18:57:58 - INFO - Iniciando an√°lisis de mesa
2025-05-12 18:57:58 - INFO - Detectado cambio de jugador en la misma ventana
2025-05-12 18:57:58 - INFO - La ventana cambi√≥, obteniendo nuevo nick...
2025-05-12 18:57:58 - INFO - Leyendo nick...
2025-05-12 18:57:58 - ERROR - Error en PaddleOCR: could not execute a primitive
2025-05-12 18:57:59 - INFO - Tesseract detect√≥: 'yXP3092763'
2025-05-12 18:57:59 - INFO - Nick final: 'yXP3092763'
2025-05-12 18:57:59 - INFO - Nick detectado: 'yXP3092763'
2025-05-12 18:57:59 - ERROR - Error al obtener/analizar stats: Error al obtener stats: C√≥digo 404, {"message":"Jugador 'yXP3092763' no encontrado en la sala 'XPK'."}
2025-05-12 18:58:03 - INFO - Clic derecho detectado, buscando mesa bajo el cursor
2025-05-12 18:58:03 - INFO - Mesa encontrada: 12-May#1/2 üé£üêüüê†üî•üá≤üáæ‚ë†
2025-05-12 18:58:03 - INFO - Iniciando an√°lisis de mesa
2025-05-12 18:58:03 - INFO - Leyendo nick...
2025-05-12 18:58:04 - INFO - PaddleOCR detect√≥: 'XP3092763' (confianza: 1.00)
2025-05-12 18:58:04 - INFO - Nick final: 'XP3092763'
2025-05-12 18:58:04 - INFO - Nick detectado: 'XP3092763'
2025-05-12 18:58:04 - ERROR - Error al obtener/analizar stats: Error al obtener stats: C√≥digo 404, {"message":"Jugador 'XP3092763' no encontrado en la sala 'XPK'."}
2025-05-12 18:58:08 - INFO - Clic derecho detectado, buscando mesa bajo el cursor
2025-05-12 18:58:08 - INFO - Mesa encontrada: 12-May#1/2 üé£üêüüê†üî•üá≤üáæ‚ë†
2025-05-12 18:58:08 - INFO - Iniciando an√°lisis de mesa
2025-05-12 18:58:09 - INFO - Leyendo nick...
2025-05-12 18:58:09 - ERROR - Error en PaddleOCR: could not execute a primitive
2025-05-12 18:58:09 - INFO - Tesseract detect√≥: 'checkallin53'
2025-05-12 18:58:09 - INFO - Nick final: 'checkallin53'
2025-05-12 18:58:09 - INFO - Nick detectado: 'checkallin53'
2025-05-12 18:58:11 - INFO - Stats: VPIP:14 PFR:13 3B:5 F3B:66 WTSD:22 WSD:25 CF:71 CT:33 FFC:100
2025-05-12 18:58:11 - INFO - An√°lisis: üéØ Informe sobre checkallin53:

1Ô∏è‚É£ Estilo de juego: Pasivo preflop, agresivo postflop selectivo.

2Ô∏è...
2025-05-12 18:58:12 - INFO - Texto pegado en ventana de poker
2025-05-12 18:58:12 - INFO - Historial cargado: 17 entradas
2025-05-12 18:58:12 - INFO - Historial cargado para agregar entrada: 17 entradas existentes
2025-05-12 18:58:12 - INFO - Historial guardado: 18 entradas
2025-05-12 18:58:12 - INFO - Entrada a√±adida al historial. Nuevo total: 18 entradas
2025-05-12 18:58:12 - INFO - Actualizaci√≥n de historial UI programada
2025-05-12 18:58:12 - INFO - An√°lisis completado con √©xito
2025-05-12 18:58:12 - INFO - Historial cargado: 18 entradas
2025-05-12 18:58:12 - INFO - Actualizando treeview con 18 entradas de historial
2025-05-12 18:58:12 - INFO - Se mostraron 18 entradas en el historial
2025-05-12 18:58:12 - INFO - Historial UI actualizado correctamente
2025-05-12 18:58:18 - INFO - Historial cargado: 18 entradas
2025-05-12 18:58:18 - INFO - √öltimo an√°lisis copiado al portapapeles
2025-05-12 18:58:26 - INFO - Historial cargado: 18 entradas
2025-05-12 18:58:26 - INFO - √öltimas estad√≠sticas copiadas al portapapeles
2025-05-12 18:58:57 - INFO - Clic derecho detectado, buscando mesa bajo el cursor
2025-05-12 18:58:57 - INFO - Mesa encontrada: 12-May#1/2 üé£üêüüê†üî•üá≤üáæ‚ë†
2025-05-12 18:58:57 - INFO - Iniciando an√°lisis de mesa
2025-05-12 18:58:57 - INFO - Detectado cambio de jugador en la misma ventana
2025-05-12 18:58:57 - INFO - La ventana cambi√≥, obteniendo nuevo nick...
2025-05-12 18:58:57 - INFO - Leyendo nick...
2025-05-12 18:58:57 - INFO - PaddleOCR detect√≥: 'melquiades003' (confianza: 0.97)
2025-05-12 18:58:57 - INFO - Nick final: 'melquiades003'
2025-05-12 18:58:57 - INFO - Nick detectado: 'melquiades003'
2025-05-12 18:58:58 - ERROR - Error al obtener/analizar stats: Error al obtener stats: C√≥digo 404, {"message":"Jugador 'melquiades003' no encontrado en la sala 'XPK'."}
2025-05-12 18:59:03 - INFO - Clic derecho detectado, buscando mesa bajo el cursor
2025-05-12 18:59:03 - INFO - Mesa encontrada: 12-May#1/2 üé£üêüüê†üî•üá≤üáæ‚ë†
2025-05-12 18:59:03 - INFO - Iniciando an√°lisis de mesa
2025-05-12 18:59:03 - INFO - Leyendo nick...
2025-05-12 18:59:03 - ERROR - Error en PaddleOCR: could not execute a primitive
2025-05-12 18:59:04 - INFO - Tesseract detect√≥: 'XP3092763'
2025-05-12 18:59:04 - INFO - Nick final: 'XP3092763'
2025-05-12 18:59:04 - INFO - Nick detectado: 'XP3092763'
2025-05-12 18:59:04 - ERROR - Error al obtener/analizar stats: Error al obtener stats: C√≥digo 404, {"message":"Jugador 'XP3092763' no encontrado en la sala 'XPK'."}
2025-05-12 18:59:16 - INFO - Clic derecho detectado, buscando mesa bajo el cursor
2025-05-12 18:59:16 - INFO - Mesa encontrada: 0.5/1 üçÄüá≤üáæ‚ë†
2025-05-12 18:59:16 - INFO - Iniciando an√°lisis de mesa
2025-05-12 18:59:16 - INFO - Leyendo nick...
2025-05-12 18:59:16 - INFO - PaddleOCR detect√≥: 'XP3386829' (confianza: 1.00)
2025-05-12 18:59:16 - INFO - Nick final: 'XP3386829'
2025-05-12 18:59:16 - INFO - Nick detectado: 'XP3386829'
2025-05-12 18:59:17 - ERROR - Error al obtener/analizar stats: Error al obtener stats: C√≥digo 404, {"message":"Jugador 'XP3386829' no encontrado en la sala 'XPK'."}
2025-05-12 18:59:22 - INFO - Clic derecho detectado, buscando mesa bajo el cursor
2025-05-12 18:59:22 - INFO - Mesa encontrada: 0.5/1 üçÄüá≤üáæ‚ë†
2025-05-12 18:59:22 - INFO - Iniciando an√°lisis de mesa
2025-05-12 18:59:22 - INFO - Leyendo nick...
2025-05-12 18:59:22 - ERROR - Error en PaddleOCR: could not execute a primitive
2025-05-12 18:59:22 - INFO - Tesseract detect√≥: 'Disasters'
2025-05-12 18:59:22 - INFO - Nick final: 'Disasters'
2025-05-12 18:59:23 - INFO - Nick detectado: 'Disasters'
2025-05-12 18:59:24 - INFO - Stats: VPIP:43 PFR:23 3B:8 F3B:15 WTSD:28 WSD:26 CF:64 CT:46 FFC:43
2025-05-12 18:59:24 - INFO - An√°lisis: üéØ Informe sobre Disasters:

1Ô∏è‚É£ Estilo de juego: Pasivo preflop, agresivo postflop pero inconsistent...
2025-05-12 18:59:25 - INFO - Texto pegado en ventana de poker
2025-05-12 18:59:25 - INFO - Historial cargado: 18 entradas
2025-05-12 18:59:25 - INFO - Historial cargado para agregar entrada: 18 entradas existentes
2025-05-12 18:59:25 - INFO - Historial guardado: 19 entradas
2025-05-12 18:59:25 - INFO - Entrada a√±adida al historial. Nuevo total: 19 entradas
2025-05-12 18:59:25 - INFO - Actualizaci√≥n de historial UI programada
2025-05-12 18:59:25 - INFO - An√°lisis completado con √©xito
2025-05-12 18:59:25 - INFO - Historial cargado: 19 entradas
2025-05-12 18:59:25 - INFO - Actualizando treeview con 19 entradas de historial
2025-05-12 18:59:25 - INFO - Se mostraron 19 entradas en el historial
2025-05-12 18:59:25 - INFO - Historial UI actualizado correctamente
2025-05-12 19:02:00 - INFO - Clic derecho detectado, buscando mesa bajo el cursor
2025-05-12 19:02:00 - INFO - Mesa encontrada: 0.5/1 üçÄüá≤üáæ‚ë†
2025-05-12 19:02:00 - INFO - Iniciando an√°lisis de mesa
2025-05-12 19:02:00 - INFO - Detectado cambio de jugador en la misma ventana
2025-05-12 19:02:00 - INFO - La ventana cambi√≥, obteniendo nuevo nick...
2025-05-12 19:02:00 - INFO - Leyendo nick...
2025-05-12 19:02:01 - INFO - PaddleOCR detect√≥: 'Disasters' (confianza: 1.00)
2025-05-12 19:02:01 - INFO - Nick final: 'Disasters'
2025-05-12 19:02:01 - INFO - Nick detectado: 'Disasters'
2025-05-12 19:02:02 - INFO - Stats: VPIP:43 PFR:23 3BET:8 F3BET:15 WTSD:28 WSD:26 CBET_FLOP:64 CBET_TURN:46 FOLD_TO_FLOP_CBET_PCT:43
2025-05-12 19:02:02 - INFO - An√°lisis: üéØ Informe sobre Disasters:

1Ô∏è‚É£ Estilo de juego: Pasivo preflop, agresivo postflop.

2Ô∏è‚É£ Errores exp...
2025-05-12 19:02:03 - INFO - Texto pegado en ventana de poker
2025-05-12 19:02:03 - INFO - Historial cargado: 19 entradas
2025-05-12 19:02:03 - INFO - Historial cargado para agregar entrada: 19 entradas existentes
2025-05-12 19:02:03 - INFO - Historial guardado: 20 entradas
2025-05-12 19:02:03 - INFO - Entrada a√±adida al historial. Nuevo total: 20 entradas
2025-05-12 19:02:03 - INFO - Actualizaci√≥n de historial UI programada
2025-05-12 19:02:03 - INFO - An√°lisis completado con √©xito
2025-05-12 19:02:03 - INFO - Historial cargado: 20 entradas
2025-05-12 19:02:03 - INFO - Actualizando treeview con 20 entradas de historial
2025-05-12 19:02:03 - INFO - Se mostraron 20 entradas en el historial
2025-05-12 19:02:03 - INFO - Historial UI actualizado correctamente
2025-05-12 19:02:17 - INFO - === PokerBot Pro iniciado correctamente ===
2025-05-12 19:02:17 - INFO - Presiona alt+q o haz clic derecho para analizar nick
2025-05-12 19:02:17 - INFO - Cerrando aplicaci√≥n...
2025-05-12 19:02:17 - INFO - Deteniendo listener de clic derecho
2025-05-12 19:02:17 - INFO - Aplicaci√≥n cerrada correctamente
2025-05-12 19:02:30 - INFO - Iniciando PokerBot Pro...
2025-05-12 19:02:32 - INFO - OCR pre-inicializado correctamente con prueba de caracteres asi√°ticos
2025-05-12 19:02:32 - INFO - Iniciando listener de clic derecho
2025-05-12 19:02:32 - INFO - Hotkey alt+q registrado correctamente
2025-05-12 19:02:32 - INFO - Historial cargado: 20 entradas
2025-05-12 19:02:32 - INFO - Actualizando treeview con 20 entradas de historial
2025-05-12 19:02:32 - INFO - Se mostraron 20 entradas en el historial
2025-05-12 19:02:32 - INFO - Hotkey alt+q registrada correctamente
2025-05-12 19:02:32 - INFO - === PokerBot Pro iniciado correctamente ===
2025-05-12 19:02:32 - INFO - Presiona alt+q o haz clic derecho para analizar nick
2025-05-12 19:02:41 - INFO - Clic derecho detectado, buscando mesa bajo el cursor
2025-05-12 19:02:41 - INFO - Mesa encontrada: 0.5/1 üçÄüá≤üáæ‚ë†
2025-05-12 19:02:41 - INFO - Iniciando an√°lisis de mesa
2025-05-12 19:02:41 - INFO - Leyendo nick...
2025-05-12 19:02:41 - INFO - PaddleOCR detect√≥: 'Disasters' (confianza: 1.00)
2025-05-12 19:02:41 - INFO - Nick final: 'Disasters'
2025-05-12 19:02:41 - INFO - Nick detectado: 'Disasters'
2025-05-12 19:02:43 - INFO - Stats: VPIP:43 PFR:23 3BET:8 F3BET:15 WTSD:28 WSD:26 CBET_FLOP:64 CBET_TURN:46 FOLD_TO_FLOP_CBET_PCT:43
2025-05-12 19:02:43 - INFO - An√°lisis: üéØ Informe sobre Disasters:

1Ô∏è‚É£ Estilo de juego: Pasivo preflop, agresivo en flop, se frena en turn....
2025-05-12 19:02:43 - INFO - Texto pegado en ventana de poker
2025-05-12 19:02:43 - INFO - Historial cargado: 20 entradas
2025-05-12 19:02:43 - INFO - Historial cargado para agregar entrada: 20 entradas existentes
2025-05-12 19:02:43 - INFO - Historial guardado: 21 entradas
2025-05-12 19:02:43 - INFO - Entrada a√±adida al historial. Nuevo total: 21 entradas
2025-05-12 19:02:43 - INFO - Actualizaci√≥n de historial UI programada
2025-05-12 19:02:43 - INFO - An√°lisis completado con √©xito
2025-05-12 19:02:43 - INFO - Historial cargado: 21 entradas
2025-05-12 19:02:43 - INFO - Actualizando treeview con 21 entradas de historial
2025-05-12 19:02:43 - INFO - Se mostraron 21 entradas en el historial
2025-05-12 19:02:43 - INFO - Historial UI actualizado correctamente
2025-05-12 19:45:30 - INFO - Clic derecho detectado, buscando mesa bajo el cursor
2025-05-12 19:45:30 - INFO - Mesa encontrada: 0.5/1 üçÄüá≤üáæ‚ë†
2025-05-12 19:45:30 - INFO - Iniciando an√°lisis de mesa
2025-05-12 19:45:30 - INFO - Leyendo nick...
2025-05-12 19:45:31 - ERROR - Error en PaddleOCR: could not execute a primitive
2025-05-12 19:45:31 - INFO - Tesseract detect√≥: 'XP3211564'
2025-05-12 19:45:31 - INFO - Nick final: 'XP3211564'
2025-05-12 19:45:32 - INFO - Nick detectado: 'XP3211564'
2025-05-12 19:45:32 - ERROR - Error al obtener/analizar stats: Error al obtener stats: C√≥digo 404, {"message":"Jugador 'XP3211564' no encontrado en la sala 'XPK'."}
2025-05-12 19:45:35 - INFO - Clic derecho detectado, buscando mesa bajo el cursor
2025-05-12 19:45:35 - INFO - Mesa encontrada: 0.5/1 üçÄüá≤üáæ‚ë†
2025-05-12 19:45:35 - INFO - Iniciando an√°lisis de mesa
2025-05-12 19:45:35 - INFO - Leyendo nick...
2025-05-12 19:45:36 - INFO - PaddleOCR detect√≥: 'ÁãêÁã∏Âèñ' (confianza: 1.00)
2025-05-12 19:45:36 - INFO - Nick final: 'ÁãêÁã∏Âèñ'
2025-05-12 19:45:36 - INFO - Nick detectado: 'ÁãêÁã∏Âèñ'
2025-05-12 19:45:36 - ERROR - Error al obtener/analizar stats: Error al obtener stats: C√≥digo 404, {"message":"Jugador 'ÁãêÁã∏Âèñ' no encontrado en la sala 'XPK'."}
2025-05-12 19:46:26 - INFO - Iniciando an√°lisis de mesa
2025-05-12 19:46:26 - INFO - Leyendo nick...
2025-05-12 19:46:26 - ERROR - Error en PaddleOCR: could not execute a primitive
2025-05-12 19:46:27 - INFO - Tesseract detect√≥: 'RE'
2025-05-12 19:46:27 - INFO - Nick final: 'RE'
2025-05-12 19:46:27 - INFO - Nick detectado: 'RE'
2025-05-12 19:46:31 - INFO - Stats: VPIP:20 PFR:8 3BET:3 F3BET:59 WTSD:28 WSD:56 CBET_FLOP:56 CBET_TURN:40 FOLD_TO_FLOP_CBET_PCT:43
2025-05-12 19:46:31 - INFO - An√°lisis: üéØ Informe sobre RE:

1Ô∏è‚É£ Estilo de juego: Pasivo preflop con agresi√≥n inconsistente postflop.

2Ô∏è‚É£ E...
2025-05-12 19:46:31 - INFO - Texto pegado en ventana de poker
2025-05-12 19:46:31 - INFO - Historial cargado: 21 entradas
2025-05-12 19:46:31 - INFO - Historial cargado para agregar entrada: 21 entradas existentes
2025-05-12 19:46:31 - INFO - Historial guardado: 22 entradas
2025-05-12 19:46:31 - INFO - Entrada a√±adida al historial. Nuevo total: 22 entradas
2025-05-12 19:46:31 - INFO - Actualizaci√≥n de historial UI programada
2025-05-12 19:46:31 - INFO - An√°lisis completado con √©xito
2025-05-12 19:46:31 - INFO - Historial cargado: 22 entradas
2025-05-12 19:46:31 - INFO - Actualizando treeview con 22 entradas de historial
2025-05-12 19:46:31 - INFO - Se mostraron 22 entradas en el historial
2025-05-12 19:46:31 - INFO - Historial UI actualizado correctamente
2025-05-12 19:46:36 - INFO - Clic derecho detectado, buscando mesa bajo el cursor
2025-05-12 19:46:36 - WARNING - No se encontr√≥ una mesa bajo el cursor
